<?xml version="1.0" encoding="utf-8"?>
<CoverageSession xmlns:xsd="http://www.w3.org/2001/XMLSchema" xmlns:xsi="http://www.w3.org/2001/XMLSchema-instance">
  <Summary numSequencePoints="410" visitedSequencePoints="258" numBranchPoints="149" visitedBranchPoints="85" sequenceCoverage="62.93" branchCoverage="57.05" maxCyclomaticComplexity="15" minCyclomaticComplexity="1" />
  <Modules>
    <Module skippedDueTo="Filter" hash="CA-83-18-0F-30-85-41-11-82-09-D5-17-6B-28-6A-BF-52-7D-DA-DA">
      <FullName>C:\Windows\Microsoft.Net\assembly\GAC_32\mscorlib\v4.0_4.0.0.0__b77a5c561934e089\mscorlib.dll</FullName>
      <ModuleName>mscorlib</ModuleName>
      <Classes />
    </Module>
    <Module skippedDueTo="Filter" hash="DB-BA-E0-B4-87-D2-78-0F-EE-CB-F8-3A-54-94-80-A5-18-61-D8-36">
      <FullName>C:\dev\ciapi-oauth2-service\tools\nunit-runner\nunit-console-x86.exe</FullName>
      <ModuleName>nunit-console-x86</ModuleName>
      <Classes />
    </Module>
    <Module skippedDueTo="Filter" hash="B7-48-F3-0B-3E-87-F7-07-A5-DD-BA-16-83-01-98-AF-42-7F-2C-C7">
      <FullName>C:\dev\ciapi-oauth2-service\tools\nunit-runner\nunit.core.dll</FullName>
      <ModuleName>nunit.core</ModuleName>
      <Classes />
    </Module>
    <Module skippedDueTo="Filter" hash="9E-50-DF-F6-68-60-BC-DD-B7-B0-92-C6-8D-23-6C-C3-8D-F4-C3-F6">
      <FullName>C:\Windows\Microsoft.Net\assembly\GAC_MSIL\System\v4.0_4.0.0.0__b77a5c561934e089\System.dll</FullName>
      <ModuleName>System</ModuleName>
      <Classes />
    </Module>
    <Module skippedDueTo="Filter" hash="0F-C0-90-56-62-BD-D7-77-80-FB-3B-37-AC-00-E5-F4-F7-87-15-9C">
      <FullName>C:\dev\ciapi-oauth2-service\tools\nunit-runner\nunit-console-runner.dll</FullName>
      <ModuleName>nunit-console-runner</ModuleName>
      <Classes />
    </Module>
    <Module skippedDueTo="Filter" hash="44-EF-56-AD-2E-95-D3-A2-8D-AE-F6-EC-B0-9F-A7-FE-0A-93-3C-7A">
      <FullName>C:\Windows\Microsoft.Net\assembly\GAC_MSIL\System.Configuration\v4.0_4.0.0.0__b03f5f7f11d50a3a\System.Configuration.dll</FullName>
      <ModuleName>System.Configuration</ModuleName>
      <Classes />
    </Module>
    <Module skippedDueTo="Filter" hash="04-EF-53-41-05-0A-78-75-B7-85-2D-67-4D-79-5A-F7-C7-07-9D-F5">
      <FullName>C:\Windows\Microsoft.Net\assembly\GAC_MSIL\System.Xml\v4.0_4.0.0.0__b77a5c561934e089\System.Xml.dll</FullName>
      <ModuleName>System.Xml</ModuleName>
      <Classes />
    </Module>
    <Module skippedDueTo="Filter" hash="8F-17-C0-E1-F5-9A-B4-83-94-6D-B7-F2-33-A1-F8-BA-16-6D-9C-94">
      <FullName>C:\dev\ciapi-oauth2-service\tools\nunit-runner\nunit.util.dll</FullName>
      <ModuleName>nunit.util</ModuleName>
      <Classes />
    </Module>
    <Module skippedDueTo="Filter" hash="90-9B-97-1A-68-D1-4A-76-C0-9A-AB-BA-9A-2C-2B-74-4C-A0-B3-11">
      <FullName>C:\dev\ciapi-oauth2-service\tools\nunit-runner\nunit.core.interfaces.dll</FullName>
      <ModuleName>nunit.core.interfaces</ModuleName>
      <Classes />
    </Module>
    <Module skippedDueTo="Filter" hash="95-D7-5D-EB-38-46-68-4C-BD-E5-12-A5-05-EC-7B-C7-58-55-6A-0F">
      <FullName>C:\Windows\Microsoft.Net\assembly\GAC_MSIL\System.Runtime.Remoting\v4.0_4.0.0.0__b77a5c561934e089\System.Runtime.Remoting.dll</FullName>
      <ModuleName>System.Runtime.Remoting</ModuleName>
      <Classes />
    </Module>
    <Module skippedDueTo="Filter" hash="B7-48-F3-0B-3E-87-F7-07-A5-DD-BA-16-83-01-98-AF-42-7F-2C-C7">
      <FullName>C:\dev\ciapi-oauth2-service\tools\nunit-runner\nunit.core.dll</FullName>
      <ModuleName>nunit.core</ModuleName>
      <Classes />
    </Module>
    <Module skippedDueTo="Filter" hash="9E-50-DF-F6-68-60-BC-DD-B7-B0-92-C6-8D-23-6C-C3-8D-F4-C3-F6">
      <FullName>C:\Windows\Microsoft.Net\assembly\GAC_MSIL\System\v4.0_4.0.0.0__b77a5c561934e089\System.dll</FullName>
      <ModuleName>System</ModuleName>
      <Classes />
    </Module>
    <Module skippedDueTo="Filter" hash="44-EF-56-AD-2E-95-D3-A2-8D-AE-F6-EC-B0-9F-A7-FE-0A-93-3C-7A">
      <FullName>C:\Windows\Microsoft.Net\assembly\GAC_MSIL\System.Configuration\v4.0_4.0.0.0__b03f5f7f11d50a3a\System.Configuration.dll</FullName>
      <ModuleName>System.Configuration</ModuleName>
      <Classes />
    </Module>
    <Module skippedDueTo="Filter" hash="04-EF-53-41-05-0A-78-75-B7-85-2D-67-4D-79-5A-F7-C7-07-9D-F5">
      <FullName>C:\Windows\Microsoft.Net\assembly\GAC_MSIL\System.Xml\v4.0_4.0.0.0__b77a5c561934e089\System.Xml.dll</FullName>
      <ModuleName>System.Xml</ModuleName>
      <Classes />
    </Module>
    <Module skippedDueTo="Filter" hash="BB-34-B8-9C-CF-09-59-44-C8-B7-C6-E3-E9-FE-77-96-01-CF-67-9D">
      <FullName>C:\Windows\Microsoft.Net\assembly\GAC_MSIL\System.Core\v4.0_4.0.0.0__b77a5c561934e089\System.Core.dll</FullName>
      <ModuleName>System.Core</ModuleName>
      <Classes />
    </Module>
    <Module skippedDueTo="Filter" hash="90-9B-97-1A-68-D1-4A-76-C0-9A-AB-BA-9A-2C-2B-74-4C-A0-B3-11">
      <FullName>C:\dev\ciapi-oauth2-service\tools\nunit-runner\nunit.core.interfaces.dll</FullName>
      <ModuleName>nunit.core.interfaces</ModuleName>
      <Classes />
    </Module>
    <Module skippedDueTo="Filter" hash="FA-2F-06-05-7F-CC-14-05-41-0B-A8-D1-D4-59-01-59-3C-F9-08-34">
      <FullName>C:\dev\ciapi-oauth2-service\src\CIAUTH.Tests\bin\Debug\CIAUTH.Tests.dll</FullName>
      <ModuleName>CIAUTH.Tests</ModuleName>
      <Classes />
    </Module>
    <Module skippedDueTo="Filter" hash="13-4C-94-D1-A1-A5-D9-8F-F1-E4-CE-A7-87-EF-CC-42-FC-6B-CA-BC">
      <FullName>C:\dev\ciapi-oauth2-service\src\CIAUTH.Tests\bin\Debug\nunit.framework.dll</FullName>
      <ModuleName>nunit.framework</ModuleName>
      <Classes />
    </Module>
    <Module skippedDueTo="Filter" hash="BB-34-B8-9C-CF-09-59-44-C8-B7-C6-E3-E9-FE-77-96-01-CF-67-9D">
      <FullName>C:\Windows\Microsoft.Net\assembly\GAC_MSIL\System.Core\v4.0_4.0.0.0__b77a5c561934e089\System.Core.dll</FullName>
      <ModuleName>System.Core</ModuleName>
      <Classes />
    </Module>
    <Module hash="E0-D1-23-50-59-4D-AC-D0-EA-1B-08-8E-C9-25-AC-1C-F1-36-4F-EC">
      <Summary numSequencePoints="86" visitedSequencePoints="34" numBranchPoints="30" visitedBranchPoints="12" sequenceCoverage="39.53" branchCoverage="40" maxCyclomaticComplexity="2" minCyclomaticComplexity="1" />
      <FullName>C:\dev\ciapi-oauth2-service\src\CIAUTH.Tests\bin\Debug\CIAUTH.Configuration.dll</FullName>
      <ModuleName>CIAUTH.Configuration</ModuleName>
      <Files>
        <File uid="1" fullPath="c:\dev\ciapi-oauth2-service\src\CIAUTH.Configuration\CIAUTHConfigurationSection.cs" />
        <File uid="2" fullPath="c:\dev\ciapi-oauth2-service\src\CIAUTH.Configuration\ClientElement.cs" />
        <File uid="3" fullPath="c:\dev\ciapi-oauth2-service\src\CIAUTH.Configuration\ClientElementCollection.cs" />
      </Files>
      <Classes>
        <Class>
          <Summary numSequencePoints="0" visitedSequencePoints="0" numBranchPoints="0" visitedBranchPoints="0" sequenceCoverage="0" branchCoverage="0" maxCyclomaticComplexity="0" minCyclomaticComplexity="0" />
          <FullName>&lt;Module&gt;</FullName>
          <Methods />
        </Class>
        <Class>
          <Summary numSequencePoints="34" visitedSequencePoints="13" numBranchPoints="11" visitedBranchPoints="4" sequenceCoverage="38.24" branchCoverage="36.36" maxCyclomaticComplexity="1" minCyclomaticComplexity="1" />
          <FullName>CIAUTH.Configuration.CIAUTHConfigurationSection</FullName>
          <Methods>
            <Method visited="true" cyclomaticComplexity="1" sequenceCoverage="100" branchCoverage="100" isConstructor="false" isStatic="true" isGetter="true" isSetter="false">
              <Summary numSequencePoints="4" visitedSequencePoints="4" numBranchPoints="1" visitedBranchPoints="1" sequenceCoverage="100" branchCoverage="100" maxCyclomaticComplexity="1" minCyclomaticComplexity="1" />
              <MetadataToken>100663297</MetadataToken>
              <Name>CIAUTH.Configuration.CIAUTHConfigurationSection CIAUTH.Configuration.CIAUTHConfigurationSection::get_Instance()</Name>
              <FileRef uid="1" />
              <SequencePoints>
                <SequencePoint vc="23" uspid="1" ordinal="0" offset="0" sl="11" sc="13" el="11" ec="14" />
                <SequencePoint vc="23" uspid="2" ordinal="1" offset="1" sl="12" sc="17" el="12" ec="106" />
                <SequencePoint vc="23" uspid="3" ordinal="2" offset="17" sl="13" sc="17" el="13" ec="32" />
                <SequencePoint vc="23" uspid="4" ordinal="3" offset="21" sl="14" sc="13" el="14" ec="14" />
              </SequencePoints>
              <BranchPoints />
              <MethodPoint xsi:type="SequencePoint" vc="23" uspid="1" ordinal="0" offset="0" sl="11" sc="13" el="11" ec="14" />
            </Method>
            <Method visited="true" cyclomaticComplexity="1" sequenceCoverage="100" branchCoverage="100" isConstructor="false" isStatic="false" isGetter="true" isSetter="false">
              <Summary numSequencePoints="3" visitedSequencePoints="3" numBranchPoints="1" visitedBranchPoints="1" sequenceCoverage="100" branchCoverage="100" maxCyclomaticComplexity="1" minCyclomaticComplexity="1" />
              <MetadataToken>100663298</MetadataToken>
              <Name>System.String CIAUTH.Configuration.CIAUTHConfigurationSection::get_AesVector()</Name>
              <FileRef uid="1" />
              <SequencePoints>
                <SequencePoint vc="3" uspid="5" ordinal="0" offset="0" sl="20" sc="17" el="20" ec="18" />
                <SequencePoint vc="3" uspid="6" ordinal="1" offset="1" sl="20" sc="19" el="20" ec="54" />
                <SequencePoint vc="3" uspid="7" ordinal="2" offset="20" sl="20" sc="55" el="20" ec="56" />
              </SequencePoints>
              <BranchPoints />
              <MethodPoint xsi:type="SequencePoint" vc="3" uspid="5" ordinal="0" offset="0" sl="20" sc="17" el="20" ec="18" />
            </Method>
            <Method visited="false" cyclomaticComplexity="1" sequenceCoverage="0" branchCoverage="0" isConstructor="false" isStatic="false" isGetter="false" isSetter="true">
              <Summary numSequencePoints="3" visitedSequencePoints="0" numBranchPoints="1" visitedBranchPoints="0" sequenceCoverage="0" branchCoverage="0" maxCyclomaticComplexity="1" minCyclomaticComplexity="1" />
              <MetadataToken>100663299</MetadataToken>
              <Name>System.Void CIAUTH.Configuration.CIAUTHConfigurationSection::set_AesVector(System.String)</Name>
              <FileRef uid="1" />
              <SequencePoints>
                <SequencePoint vc="0" uspid="8" ordinal="0" offset="0" sl="22" sc="17" el="22" ec="18" />
                <SequencePoint vc="0" uspid="9" ordinal="1" offset="1" sl="22" sc="19" el="22" ec="46" />
                <SequencePoint vc="0" uspid="10" ordinal="2" offset="14" sl="22" sc="47" el="22" ec="48" />
              </SequencePoints>
              <BranchPoints />
              <MethodPoint xsi:type="SequencePoint" vc="0" uspid="8" ordinal="0" offset="0" sl="22" sc="17" el="22" ec="18" />
            </Method>
            <Method visited="true" cyclomaticComplexity="1" sequenceCoverage="100" branchCoverage="100" isConstructor="false" isStatic="false" isGetter="true" isSetter="false">
              <Summary numSequencePoints="3" visitedSequencePoints="3" numBranchPoints="1" visitedBranchPoints="1" sequenceCoverage="100" branchCoverage="100" maxCyclomaticComplexity="1" minCyclomaticComplexity="1" />
              <MetadataToken>100663300</MetadataToken>
              <Name>System.String CIAUTH.Configuration.CIAUTHConfigurationSection::get_AesKey()</Name>
              <FileRef uid="1" />
              <SequencePoints>
                <SequencePoint vc="3" uspid="11" ordinal="0" offset="0" sl="28" sc="17" el="28" ec="18" />
                <SequencePoint vc="3" uspid="12" ordinal="1" offset="1" sl="28" sc="19" el="28" ec="51" />
                <SequencePoint vc="3" uspid="13" ordinal="2" offset="20" sl="28" sc="52" el="28" ec="53" />
              </SequencePoints>
              <BranchPoints />
              <MethodPoint xsi:type="SequencePoint" vc="3" uspid="11" ordinal="0" offset="0" sl="28" sc="17" el="28" ec="18" />
            </Method>
            <Method visited="false" cyclomaticComplexity="1" sequenceCoverage="0" branchCoverage="0" isConstructor="false" isStatic="false" isGetter="false" isSetter="true">
              <Summary numSequencePoints="3" visitedSequencePoints="0" numBranchPoints="1" visitedBranchPoints="0" sequenceCoverage="0" branchCoverage="0" maxCyclomaticComplexity="1" minCyclomaticComplexity="1" />
              <MetadataToken>100663301</MetadataToken>
              <Name>System.Void CIAUTH.Configuration.CIAUTHConfigurationSection::set_AesKey(System.String)</Name>
              <FileRef uid="1" />
              <SequencePoints>
                <SequencePoint vc="0" uspid="14" ordinal="0" offset="0" sl="29" sc="17" el="29" ec="18" />
                <SequencePoint vc="0" uspid="15" ordinal="1" offset="1" sl="29" sc="19" el="29" ec="43" />
                <SequencePoint vc="0" uspid="16" ordinal="2" offset="14" sl="29" sc="44" el="29" ec="45" />
              </SequencePoints>
              <BranchPoints />
              <MethodPoint xsi:type="SequencePoint" vc="0" uspid="14" ordinal="0" offset="0" sl="29" sc="17" el="29" ec="18" />
            </Method>
            <Method visited="false" cyclomaticComplexity="1" sequenceCoverage="0" branchCoverage="0" isConstructor="false" isStatic="false" isGetter="true" isSetter="false">
              <Summary numSequencePoints="3" visitedSequencePoints="0" numBranchPoints="1" visitedBranchPoints="0" sequenceCoverage="0" branchCoverage="0" maxCyclomaticComplexity="1" minCyclomaticComplexity="1" />
              <MetadataToken>100663302</MetadataToken>
              <Name>System.String CIAUTH.Configuration.CIAUTHConfigurationSection::get_AppKey()</Name>
              <FileRef uid="1" />
              <SequencePoints>
                <SequencePoint vc="0" uspid="17" ordinal="0" offset="0" sl="35" sc="17" el="35" ec="18" />
                <SequencePoint vc="0" uspid="18" ordinal="1" offset="1" sl="35" sc="19" el="35" ec="51" />
                <SequencePoint vc="0" uspid="19" ordinal="2" offset="20" sl="35" sc="52" el="35" ec="53" />
              </SequencePoints>
              <BranchPoints />
              <MethodPoint xsi:type="SequencePoint" vc="0" uspid="17" ordinal="0" offset="0" sl="35" sc="17" el="35" ec="18" />
            </Method>
            <Method visited="false" cyclomaticComplexity="1" sequenceCoverage="0" branchCoverage="0" isConstructor="false" isStatic="false" isGetter="false" isSetter="true">
              <Summary numSequencePoints="3" visitedSequencePoints="0" numBranchPoints="1" visitedBranchPoints="0" sequenceCoverage="0" branchCoverage="0" maxCyclomaticComplexity="1" minCyclomaticComplexity="1" />
              <MetadataToken>100663303</MetadataToken>
              <Name>System.Void CIAUTH.Configuration.CIAUTHConfigurationSection::set_AppKey(System.String)</Name>
              <FileRef uid="1" />
              <SequencePoints>
                <SequencePoint vc="0" uspid="20" ordinal="0" offset="0" sl="36" sc="17" el="36" ec="18" />
                <SequencePoint vc="0" uspid="21" ordinal="1" offset="1" sl="36" sc="19" el="36" ec="43" />
                <SequencePoint vc="0" uspid="22" ordinal="2" offset="14" sl="36" sc="44" el="36" ec="45" />
              </SequencePoints>
              <BranchPoints />
              <MethodPoint xsi:type="SequencePoint" vc="0" uspid="20" ordinal="0" offset="0" sl="36" sc="17" el="36" ec="18" />
            </Method>
            <Method visited="false" cyclomaticComplexity="1" sequenceCoverage="0" branchCoverage="0" isConstructor="false" isStatic="false" isGetter="true" isSetter="false">
              <Summary numSequencePoints="3" visitedSequencePoints="0" numBranchPoints="1" visitedBranchPoints="0" sequenceCoverage="0" branchCoverage="0" maxCyclomaticComplexity="1" minCyclomaticComplexity="1" />
              <MetadataToken>100663304</MetadataToken>
              <Name>System.String CIAUTH.Configuration.CIAUTHConfigurationSection::get_ApiUrl()</Name>
              <FileRef uid="1" />
              <SequencePoints>
                <SequencePoint vc="0" uspid="23" ordinal="0" offset="0" sl="42" sc="17" el="42" ec="18" />
                <SequencePoint vc="0" uspid="24" ordinal="1" offset="1" sl="42" sc="19" el="42" ec="51" />
                <SequencePoint vc="0" uspid="25" ordinal="2" offset="20" sl="42" sc="52" el="42" ec="53" />
              </SequencePoints>
              <BranchPoints />
              <MethodPoint xsi:type="SequencePoint" vc="0" uspid="23" ordinal="0" offset="0" sl="42" sc="17" el="42" ec="18" />
            </Method>
            <Method visited="false" cyclomaticComplexity="1" sequenceCoverage="0" branchCoverage="0" isConstructor="false" isStatic="false" isGetter="false" isSetter="true">
              <Summary numSequencePoints="3" visitedSequencePoints="0" numBranchPoints="1" visitedBranchPoints="0" sequenceCoverage="0" branchCoverage="0" maxCyclomaticComplexity="1" minCyclomaticComplexity="1" />
              <MetadataToken>100663305</MetadataToken>
              <Name>System.Void CIAUTH.Configuration.CIAUTHConfigurationSection::set_ApiUrl(System.String)</Name>
              <FileRef uid="1" />
              <SequencePoints>
                <SequencePoint vc="0" uspid="26" ordinal="0" offset="0" sl="43" sc="17" el="43" ec="18" />
                <SequencePoint vc="0" uspid="27" ordinal="1" offset="1" sl="43" sc="19" el="43" ec="43" />
                <SequencePoint vc="0" uspid="28" ordinal="2" offset="14" sl="43" sc="44" el="43" ec="45" />
              </SequencePoints>
              <BranchPoints />
              <MethodPoint xsi:type="SequencePoint" vc="0" uspid="26" ordinal="0" offset="0" sl="43" sc="17" el="43" ec="18" />
            </Method>
            <Method visited="true" cyclomaticComplexity="1" sequenceCoverage="100" branchCoverage="100" isConstructor="false" isStatic="false" isGetter="true" isSetter="false">
              <Summary numSequencePoints="3" visitedSequencePoints="3" numBranchPoints="1" visitedBranchPoints="1" sequenceCoverage="100" branchCoverage="100" maxCyclomaticComplexity="1" minCyclomaticComplexity="1" />
              <MetadataToken>100663306</MetadataToken>
              <Name>CIAUTH.Configuration.ClientElementCollection CIAUTH.Configuration.CIAUTHConfigurationSection::get_Clients()</Name>
              <FileRef uid="1" />
              <SequencePoints>
                <SequencePoint vc="18" uspid="29" ordinal="0" offset="0" sl="49" sc="17" el="49" ec="18" />
                <SequencePoint vc="18" uspid="30" ordinal="1" offset="1" sl="49" sc="19" el="49" ec="68" />
                <SequencePoint vc="18" uspid="31" ordinal="2" offset="20" sl="49" sc="69" el="49" ec="70" />
              </SequencePoints>
              <BranchPoints />
              <MethodPoint xsi:type="SequencePoint" vc="18" uspid="29" ordinal="0" offset="0" sl="49" sc="17" el="49" ec="18" />
            </Method>
            <Method visited="false" cyclomaticComplexity="1" sequenceCoverage="0" branchCoverage="0" isConstructor="false" isStatic="false" isGetter="false" isSetter="true">
              <Summary numSequencePoints="3" visitedSequencePoints="0" numBranchPoints="1" visitedBranchPoints="0" sequenceCoverage="0" branchCoverage="0" maxCyclomaticComplexity="1" minCyclomaticComplexity="1" />
              <MetadataToken>100663307</MetadataToken>
              <Name>System.Void CIAUTH.Configuration.CIAUTHConfigurationSection::set_Clients(CIAUTH.Configuration.ClientElementCollection)</Name>
              <FileRef uid="1" />
              <SequencePoints>
                <SequencePoint vc="0" uspid="32" ordinal="0" offset="0" sl="50" sc="17" el="50" ec="18" />
                <SequencePoint vc="0" uspid="33" ordinal="1" offset="1" sl="50" sc="19" el="50" ec="43" />
                <SequencePoint vc="0" uspid="34" ordinal="2" offset="14" sl="50" sc="44" el="50" ec="45" />
              </SequencePoints>
              <BranchPoints />
              <MethodPoint xsi:type="SequencePoint" vc="0" uspid="32" ordinal="0" offset="0" sl="50" sc="17" el="50" ec="18" />
            </Method>
            <Method visited="true" cyclomaticComplexity="1" sequenceCoverage="0" branchCoverage="0" isConstructor="true" isStatic="false" isGetter="false" isSetter="false">
              <Summary numSequencePoints="0" visitedSequencePoints="0" numBranchPoints="0" visitedBranchPoints="0" sequenceCoverage="0" branchCoverage="0" maxCyclomaticComplexity="1" minCyclomaticComplexity="1" />
              <MetadataToken>100663308</MetadataToken>
              <Name>System.Void CIAUTH.Configuration.CIAUTHConfigurationSection::.ctor()</Name>
              <SequencePoints />
              <BranchPoints />
              <MethodPoint vc="2" uspid="35" ordinal="0" offset="0" />
            </Method>
          </Methods>
        </Class>
        <Class>
          <Summary numSequencePoints="30" visitedSequencePoints="9" numBranchPoints="10" visitedBranchPoints="3" sequenceCoverage="30" branchCoverage="30" maxCyclomaticComplexity="1" minCyclomaticComplexity="1" />
          <FullName>CIAUTH.Configuration.ClientElement</FullName>
          <Methods>
            <Method visited="true" cyclomaticComplexity="1" sequenceCoverage="100" branchCoverage="100" isConstructor="false" isStatic="false" isGetter="true" isSetter="false">
              <Summary numSequencePoints="3" visitedSequencePoints="3" numBranchPoints="1" visitedBranchPoints="1" sequenceCoverage="100" branchCoverage="100" maxCyclomaticComplexity="1" minCyclomaticComplexity="1" />
              <MetadataToken>100663309</MetadataToken>
              <Name>System.String CIAUTH.Configuration.ClientElement::get_Id()</Name>
              <FileRef uid="2" />
              <SequencePoints>
                <SequencePoint vc="19" uspid="36" ordinal="0" offset="0" sl="23" sc="17" el="23" ec="18" />
                <SequencePoint vc="19" uspid="37" ordinal="1" offset="1" sl="23" sc="19" el="23" ec="46" />
                <SequencePoint vc="19" uspid="38" ordinal="2" offset="20" sl="23" sc="47" el="23" ec="48" />
              </SequencePoints>
              <BranchPoints />
              <MethodPoint xsi:type="SequencePoint" vc="19" uspid="36" ordinal="0" offset="0" sl="23" sc="17" el="23" ec="18" />
            </Method>
            <Method visited="false" cyclomaticComplexity="1" sequenceCoverage="0" branchCoverage="0" isConstructor="false" isStatic="false" isGetter="false" isSetter="true">
              <Summary numSequencePoints="3" visitedSequencePoints="0" numBranchPoints="1" visitedBranchPoints="0" sequenceCoverage="0" branchCoverage="0" maxCyclomaticComplexity="1" minCyclomaticComplexity="1" />
              <MetadataToken>100663310</MetadataToken>
              <Name>System.Void CIAUTH.Configuration.ClientElement::set_Id(System.String)</Name>
              <FileRef uid="2" />
              <SequencePoints>
                <SequencePoint vc="0" uspid="39" ordinal="0" offset="0" sl="24" sc="17" el="24" ec="18" />
                <SequencePoint vc="0" uspid="40" ordinal="1" offset="1" sl="24" sc="19" el="24" ec="38" />
                <SequencePoint vc="0" uspid="41" ordinal="2" offset="14" sl="24" sc="39" el="24" ec="40" />
              </SequencePoints>
              <BranchPoints />
              <MethodPoint xsi:type="SequencePoint" vc="0" uspid="39" ordinal="0" offset="0" sl="24" sc="17" el="24" ec="18" />
            </Method>
            <Method visited="true" cyclomaticComplexity="1" sequenceCoverage="100" branchCoverage="100" isConstructor="false" isStatic="false" isGetter="true" isSetter="false">
              <Summary numSequencePoints="3" visitedSequencePoints="3" numBranchPoints="1" visitedBranchPoints="1" sequenceCoverage="100" branchCoverage="100" maxCyclomaticComplexity="1" minCyclomaticComplexity="1" />
              <MetadataToken>100663311</MetadataToken>
              <Name>System.String CIAUTH.Configuration.ClientElement::get_Secret()</Name>
              <FileRef uid="2" />
              <SequencePoints>
                <SequencePoint vc="8" uspid="42" ordinal="0" offset="0" sl="30" sc="17" el="30" ec="18" />
                <SequencePoint vc="8" uspid="43" ordinal="1" offset="1" sl="30" sc="19" el="30" ec="50" />
                <SequencePoint vc="8" uspid="44" ordinal="2" offset="20" sl="30" sc="51" el="30" ec="52" />
              </SequencePoints>
              <BranchPoints />
              <MethodPoint xsi:type="SequencePoint" vc="8" uspid="42" ordinal="0" offset="0" sl="30" sc="17" el="30" ec="18" />
            </Method>
            <Method visited="false" cyclomaticComplexity="1" sequenceCoverage="0" branchCoverage="0" isConstructor="false" isStatic="false" isGetter="false" isSetter="true">
              <Summary numSequencePoints="3" visitedSequencePoints="0" numBranchPoints="1" visitedBranchPoints="0" sequenceCoverage="0" branchCoverage="0" maxCyclomaticComplexity="1" minCyclomaticComplexity="1" />
              <MetadataToken>100663312</MetadataToken>
              <Name>System.Void CIAUTH.Configuration.ClientElement::set_Secret(System.String)</Name>
              <FileRef uid="2" />
              <SequencePoints>
                <SequencePoint vc="0" uspid="45" ordinal="0" offset="0" sl="31" sc="17" el="31" ec="18" />
                <SequencePoint vc="0" uspid="46" ordinal="1" offset="1" sl="31" sc="19" el="31" ec="42" />
                <SequencePoint vc="0" uspid="47" ordinal="2" offset="14" sl="31" sc="43" el="31" ec="44" />
              </SequencePoints>
              <BranchPoints />
              <MethodPoint xsi:type="SequencePoint" vc="0" uspid="45" ordinal="0" offset="0" sl="31" sc="17" el="31" ec="18" />
            </Method>
            <Method visited="true" cyclomaticComplexity="1" sequenceCoverage="100" branchCoverage="100" isConstructor="false" isStatic="false" isGetter="true" isSetter="false">
              <Summary numSequencePoints="3" visitedSequencePoints="3" numBranchPoints="1" visitedBranchPoints="1" sequenceCoverage="100" branchCoverage="100" maxCyclomaticComplexity="1" minCyclomaticComplexity="1" />
              <MetadataToken>100663313</MetadataToken>
              <Name>System.String CIAUTH.Configuration.ClientElement::get_Name()</Name>
              <FileRef uid="2" />
              <SequencePoints>
                <SequencePoint vc="5" uspid="48" ordinal="0" offset="0" sl="37" sc="17" el="37" ec="18" />
                <SequencePoint vc="5" uspid="49" ordinal="1" offset="1" sl="37" sc="19" el="37" ec="48" />
                <SequencePoint vc="5" uspid="50" ordinal="2" offset="20" sl="37" sc="49" el="37" ec="50" />
              </SequencePoints>
              <BranchPoints />
              <MethodPoint xsi:type="SequencePoint" vc="5" uspid="48" ordinal="0" offset="0" sl="37" sc="17" el="37" ec="18" />
            </Method>
            <Method visited="false" cyclomaticComplexity="1" sequenceCoverage="0" branchCoverage="0" isConstructor="false" isStatic="false" isGetter="false" isSetter="true">
              <Summary numSequencePoints="3" visitedSequencePoints="0" numBranchPoints="1" visitedBranchPoints="0" sequenceCoverage="0" branchCoverage="0" maxCyclomaticComplexity="1" minCyclomaticComplexity="1" />
              <MetadataToken>100663314</MetadataToken>
              <Name>System.Void CIAUTH.Configuration.ClientElement::set_Name(System.String)</Name>
              <FileRef uid="2" />
              <SequencePoints>
                <SequencePoint vc="0" uspid="51" ordinal="0" offset="0" sl="38" sc="17" el="38" ec="18" />
                <SequencePoint vc="0" uspid="52" ordinal="1" offset="1" sl="38" sc="19" el="38" ec="40" />
                <SequencePoint vc="0" uspid="53" ordinal="2" offset="14" sl="38" sc="41" el="38" ec="42" />
              </SequencePoints>
              <BranchPoints />
              <MethodPoint xsi:type="SequencePoint" vc="0" uspid="51" ordinal="0" offset="0" sl="38" sc="17" el="38" ec="18" />
            </Method>
            <Method visited="false" cyclomaticComplexity="1" sequenceCoverage="0" branchCoverage="0" isConstructor="false" isStatic="false" isGetter="true" isSetter="false">
              <Summary numSequencePoints="3" visitedSequencePoints="0" numBranchPoints="1" visitedBranchPoints="0" sequenceCoverage="0" branchCoverage="0" maxCyclomaticComplexity="1" minCyclomaticComplexity="1" />
              <MetadataToken>100663315</MetadataToken>
              <Name>System.String CIAUTH.Configuration.ClientElement::get_AboutURL()</Name>
              <FileRef uid="2" />
              <SequencePoints>
                <SequencePoint vc="0" uspid="54" ordinal="0" offset="0" sl="44" sc="17" el="44" ec="18" />
                <SequencePoint vc="0" uspid="55" ordinal="1" offset="1" sl="44" sc="19" el="44" ec="53" />
                <SequencePoint vc="0" uspid="56" ordinal="2" offset="20" sl="44" sc="54" el="44" ec="55" />
              </SequencePoints>
              <BranchPoints />
              <MethodPoint xsi:type="SequencePoint" vc="0" uspid="54" ordinal="0" offset="0" sl="44" sc="17" el="44" ec="18" />
            </Method>
            <Method visited="false" cyclomaticComplexity="1" sequenceCoverage="0" branchCoverage="0" isConstructor="false" isStatic="false" isGetter="false" isSetter="true">
              <Summary numSequencePoints="3" visitedSequencePoints="0" numBranchPoints="1" visitedBranchPoints="0" sequenceCoverage="0" branchCoverage="0" maxCyclomaticComplexity="1" minCyclomaticComplexity="1" />
              <MetadataToken>100663316</MetadataToken>
              <Name>System.Void CIAUTH.Configuration.ClientElement::set_AboutURL(System.String)</Name>
              <FileRef uid="2" />
              <SequencePoints>
                <SequencePoint vc="0" uspid="57" ordinal="0" offset="0" sl="45" sc="17" el="45" ec="18" />
                <SequencePoint vc="0" uspid="58" ordinal="1" offset="1" sl="45" sc="19" el="45" ec="45" />
                <SequencePoint vc="0" uspid="59" ordinal="2" offset="14" sl="45" sc="46" el="45" ec="47" />
              </SequencePoints>
              <BranchPoints />
              <MethodPoint xsi:type="SequencePoint" vc="0" uspid="57" ordinal="0" offset="0" sl="45" sc="17" el="45" ec="18" />
            </Method>
            <Method visited="false" cyclomaticComplexity="1" sequenceCoverage="0" branchCoverage="0" isConstructor="false" isStatic="false" isGetter="true" isSetter="false">
              <Summary numSequencePoints="3" visitedSequencePoints="0" numBranchPoints="1" visitedBranchPoints="0" sequenceCoverage="0" branchCoverage="0" maxCyclomaticComplexity="1" minCyclomaticComplexity="1" />
              <MetadataToken>100663317</MetadataToken>
              <Name>System.String CIAUTH.Configuration.ClientElement::get_IP()</Name>
              <FileRef uid="2" />
              <SequencePoints>
                <SequencePoint vc="0" uspid="60" ordinal="0" offset="0" sl="51" sc="17" el="51" ec="18" />
                <SequencePoint vc="0" uspid="61" ordinal="1" offset="1" sl="51" sc="19" el="51" ec="45" />
                <SequencePoint vc="0" uspid="62" ordinal="2" offset="20" sl="51" sc="46" el="51" ec="47" />
              </SequencePoints>
              <BranchPoints />
              <MethodPoint xsi:type="SequencePoint" vc="0" uspid="60" ordinal="0" offset="0" sl="51" sc="17" el="51" ec="18" />
            </Method>
            <Method visited="false" cyclomaticComplexity="1" sequenceCoverage="0" branchCoverage="0" isConstructor="false" isStatic="false" isGetter="false" isSetter="true">
              <Summary numSequencePoints="3" visitedSequencePoints="0" numBranchPoints="1" visitedBranchPoints="0" sequenceCoverage="0" branchCoverage="0" maxCyclomaticComplexity="1" minCyclomaticComplexity="1" />
              <MetadataToken>100663318</MetadataToken>
              <Name>System.Void CIAUTH.Configuration.ClientElement::set_IP(System.String)</Name>
              <FileRef uid="2" />
              <SequencePoints>
                <SequencePoint vc="0" uspid="63" ordinal="0" offset="0" sl="52" sc="17" el="52" ec="18" />
                <SequencePoint vc="0" uspid="64" ordinal="1" offset="1" sl="52" sc="19" el="52" ec="38" />
                <SequencePoint vc="0" uspid="65" ordinal="2" offset="14" sl="52" sc="39" el="52" ec="40" />
              </SequencePoints>
              <BranchPoints />
              <MethodPoint xsi:type="SequencePoint" vc="0" uspid="63" ordinal="0" offset="0" sl="52" sc="17" el="52" ec="18" />
            </Method>
            <Method visited="true" cyclomaticComplexity="1" sequenceCoverage="0" branchCoverage="0" isConstructor="true" isStatic="false" isGetter="false" isSetter="false">
              <Summary numSequencePoints="0" visitedSequencePoints="0" numBranchPoints="0" visitedBranchPoints="0" sequenceCoverage="0" branchCoverage="0" maxCyclomaticComplexity="1" minCyclomaticComplexity="1" />
              <MetadataToken>100663319</MetadataToken>
              <Name>System.Void CIAUTH.Configuration.ClientElement::.ctor()</Name>
              <SequencePoints />
              <BranchPoints />
              <MethodPoint vc="1" uspid="66" ordinal="0" offset="0" />
            </Method>
          </Methods>
        </Class>
        <Class>
          <Summary numSequencePoints="22" visitedSequencePoints="12" numBranchPoints="9" visitedBranchPoints="5" sequenceCoverage="54.55" branchCoverage="55.56" maxCyclomaticComplexity="2" minCyclomaticComplexity="1" />
          <FullName>CIAUTH.Configuration.ClientElementCollection</FullName>
          <Methods>
            <Method visited="false" cyclomaticComplexity="1" sequenceCoverage="0" branchCoverage="0" isConstructor="false" isStatic="false" isGetter="true" isSetter="false">
              <Summary numSequencePoints="3" visitedSequencePoints="0" numBranchPoints="1" visitedBranchPoints="0" sequenceCoverage="0" branchCoverage="0" maxCyclomaticComplexity="1" minCyclomaticComplexity="1" />
              <MetadataToken>100663322</MetadataToken>
              <Name>CIAUTH.Configuration.ClientElement CIAUTH.Configuration.ClientElementCollection::get_Item(System.Int32)</Name>
              <FileRef uid="3" />
              <SequencePoints>
                <SequencePoint vc="0" uspid="67" ordinal="0" offset="0" sl="20" sc="17" el="20" ec="18" />
                <SequencePoint vc="0" uspid="68" ordinal="1" offset="1" sl="20" sc="19" el="20" ec="61" />
                <SequencePoint vc="0" uspid="69" ordinal="2" offset="16" sl="20" sc="62" el="20" ec="63" />
              </SequencePoints>
              <BranchPoints />
              <MethodPoint xsi:type="SequencePoint" vc="0" uspid="67" ordinal="0" offset="0" sl="20" sc="17" el="20" ec="18" />
            </Method>
            <Method visited="false" cyclomaticComplexity="2" sequenceCoverage="0" branchCoverage="0" isConstructor="false" isStatic="false" isGetter="false" isSetter="true">
              <Summary numSequencePoints="7" visitedSequencePoints="0" numBranchPoints="3" visitedBranchPoints="0" sequenceCoverage="0" branchCoverage="0" maxCyclomaticComplexity="2" minCyclomaticComplexity="2" />
              <MetadataToken>100663323</MetadataToken>
              <Name>System.Void CIAUTH.Configuration.ClientElementCollection::set_Item(System.Int32,CIAUTH.Configuration.ClientElement)</Name>
              <FileRef uid="3" />
              <SequencePoints>
                <SequencePoint vc="0" uspid="70" ordinal="0" offset="0" sl="22" sc="13" el="22" ec="14" />
                <SequencePoint vc="0" uspid="71" ordinal="1" offset="1" sl="23" sc="17" el="23" ec="49" />
                <SequencePoint vc="0" uspid="72" ordinal="2" offset="15" sl="24" sc="17" el="24" ec="18" />
                <SequencePoint vc="0" uspid="73" ordinal="3" offset="16" sl="25" sc="21" el="25" ec="46" />
                <SequencePoint vc="0" uspid="74" ordinal="4" offset="24" sl="26" sc="17" el="26" ec="18" />
                <SequencePoint vc="0" uspid="75" ordinal="5" offset="25" sl="27" sc="17" el="27" ec="44" />
                <SequencePoint vc="0" uspid="76" ordinal="6" offset="34" sl="28" sc="13" el="28" ec="14" />
              </SequencePoints>
              <BranchPoints>
                <BranchPoint vc="0" uspid="77" ordinal="0" offset="13" path="0" />
                <BranchPoint vc="0" uspid="78" ordinal="1" offset="13" path="1" />
              </BranchPoints>
              <MethodPoint xsi:type="SequencePoint" vc="0" uspid="70" ordinal="0" offset="0" sl="22" sc="13" el="22" ec="14" />
            </Method>
            <Method visited="true" cyclomaticComplexity="2" sequenceCoverage="100" branchCoverage="100" isConstructor="false" isStatic="false" isGetter="true" isSetter="false">
              <Summary numSequencePoints="6" visitedSequencePoints="6" numBranchPoints="3" visitedBranchPoints="3" sequenceCoverage="100" branchCoverage="100" maxCyclomaticComplexity="2" minCyclomaticComplexity="2" />
              <MetadataToken>100663324</MetadataToken>
              <Name>CIAUTH.Configuration.ClientElement CIAUTH.Configuration.ClientElementCollection::get_Item(System.String)</Name>
              <FileRef uid="3" />
              <SequencePoints>
                <SequencePoint vc="17" uspid="79" ordinal="0" offset="0" sl="34" sc="13" el="34" ec="14" />
                <SequencePoint vc="17" uspid="80" ordinal="1" offset="1" sl="35" sc="17" el="35" ec="48" />
                <SequencePoint vc="2" uspid="81" ordinal="2" offset="14" sl="36" sc="17" el="36" ec="18" />
                <SequencePoint vc="2" uspid="82" ordinal="3" offset="15" sl="37" sc="21" el="37" ec="33" />
                <SequencePoint vc="15" uspid="83" ordinal="4" offset="19" sl="39" sc="17" el="39" ec="58" />
                <SequencePoint vc="17" uspid="84" ordinal="5" offset="34" sl="40" sc="13" el="40" ec="14" />
              </SequencePoints>
              <BranchPoints>
                <BranchPoint vc="2" uspid="85" ordinal="0" offset="12" path="0" />
                <BranchPoint vc="15" uspid="86" ordinal="1" offset="12" path="1" />
              </BranchPoints>
              <MethodPoint xsi:type="SequencePoint" vc="17" uspid="79" ordinal="0" offset="0" sl="34" sc="13" el="34" ec="14" />
            </Method>
            <Method visited="true" cyclomaticComplexity="1" sequenceCoverage="100" branchCoverage="100" isConstructor="false" isStatic="false" isGetter="false" isSetter="false">
              <Summary numSequencePoints="3" visitedSequencePoints="3" numBranchPoints="1" visitedBranchPoints="1" sequenceCoverage="100" branchCoverage="100" maxCyclomaticComplexity="1" minCyclomaticComplexity="1" />
              <MetadataToken>100663320</MetadataToken>
              <Name>System.Configuration.ConfigurationElement CIAUTH.Configuration.ClientElementCollection::CreateNewElement()</Name>
              <FileRef uid="3" />
              <SequencePoints>
                <SequencePoint vc="1" uspid="87" ordinal="0" offset="0" sl="9" sc="9" el="9" ec="10" />
                <SequencePoint vc="1" uspid="88" ordinal="1" offset="1" sl="10" sc="13" el="10" ec="40" />
                <SequencePoint vc="1" uspid="89" ordinal="2" offset="9" sl="11" sc="9" el="11" ec="10" />
              </SequencePoints>
              <BranchPoints />
              <MethodPoint xsi:type="SequencePoint" vc="1" uspid="87" ordinal="0" offset="0" sl="9" sc="9" el="9" ec="10" />
            </Method>
            <Method visited="true" cyclomaticComplexity="1" sequenceCoverage="100" branchCoverage="100" isConstructor="false" isStatic="false" isGetter="false" isSetter="false">
              <Summary numSequencePoints="3" visitedSequencePoints="3" numBranchPoints="1" visitedBranchPoints="1" sequenceCoverage="100" branchCoverage="100" maxCyclomaticComplexity="1" minCyclomaticComplexity="1" />
              <MetadataToken>100663321</MetadataToken>
              <Name>System.Object CIAUTH.Configuration.ClientElementCollection::GetElementKey(System.Configuration.ConfigurationElement)</Name>
              <FileRef uid="3" />
              <SequencePoints>
                <SequencePoint vc="19" uspid="90" ordinal="0" offset="0" sl="14" sc="9" el="14" ec="10" />
                <SequencePoint vc="19" uspid="91" ordinal="1" offset="1" sl="15" sc="13" el="15" ec="48" />
                <SequencePoint vc="19" uspid="92" ordinal="2" offset="15" sl="16" sc="9" el="16" ec="10" />
              </SequencePoints>
              <BranchPoints />
              <MethodPoint xsi:type="SequencePoint" vc="19" uspid="90" ordinal="0" offset="0" sl="14" sc="9" el="14" ec="10" />
            </Method>
            <Method visited="true" cyclomaticComplexity="1" sequenceCoverage="0" branchCoverage="0" isConstructor="true" isStatic="false" isGetter="false" isSetter="false">
              <Summary numSequencePoints="0" visitedSequencePoints="0" numBranchPoints="0" visitedBranchPoints="0" sequenceCoverage="0" branchCoverage="0" maxCyclomaticComplexity="1" minCyclomaticComplexity="1" />
              <MetadataToken>100663325</MetadataToken>
              <Name>System.Void CIAUTH.Configuration.ClientElementCollection::.ctor()</Name>
              <SequencePoints />
              <BranchPoints />
              <MethodPoint vc="2" uspid="93" ordinal="0" offset="0" />
            </Method>
          </Methods>
        </Class>
      </Classes>
    </Module>
    <Module hash="C3-D6-8E-B4-2B-B2-BF-BE-1F-DD-7D-C2-9D-F8-33-D7-01-F5-BF-95">
      <Summary numSequencePoints="324" visitedSequencePoints="224" numBranchPoints="119" visitedBranchPoints="73" sequenceCoverage="69.14" branchCoverage="61.34" maxCyclomaticComplexity="15" minCyclomaticComplexity="1" />
      <FullName>C:\dev\ciapi-oauth2-service\src\CIAUTH.Tests\bin\Debug\CIAUTH.dll</FullName>
      <ModuleName>CIAUTH</ModuleName>
      <Files>
        <File uid="7" fullPath="c:\dev\ciapi-oauth2-service\src\CIAUTH\App_Start\BundleConfig.cs" />
        <File uid="8" fullPath="c:\dev\ciapi-oauth2-service\src\CIAUTH\App_Start\FilterConfig.cs" />
        <File uid="9" fullPath="c:\dev\ciapi-oauth2-service\src\CIAUTH\App_Start\RouteConfig.cs" />
        <File uid="10" fullPath="c:\dev\ciapi-oauth2-service\src\CIAUTH\App_Start\WebApiConfig.cs" />
        <File uid="11" fullPath="c:\dev\ciapi-oauth2-service\src\CIAUTH\Bootstrapper.cs" />
        <File uid="12" fullPath="c:\dev\ciapi-oauth2-service\src\CIAUTH\Services\LoginService.cs" />
        <File uid="13" fullPath="c:\dev\ciapi-oauth2-service\src\CIAUTH\Code\AesEncryption.cs" />
        <File uid="14" fullPath="c:\dev\ciapi-oauth2-service\src\CIAUTH\Code\Utilities.cs" />
        <File uid="15" fullPath="c:\dev\ciapi-oauth2-service\src\CIAUTH\Controllers\AuthorizeController.cs" />
        <File uid="16" fullPath="c:\dev\ciapi-oauth2-service\src\CIAUTH\Controllers\ErrorController.cs" />
        <File uid="17" fullPath="c:\dev\ciapi-oauth2-service\src\CIAUTH\Controllers\TokenController.cs" />
        <File uid="18" fullPath="c:\dev\ciapi-oauth2-service\src\CIAUTH\Global.asax.cs" />
      </Files>
      <Classes>
        <Class>
          <Summary numSequencePoints="0" visitedSequencePoints="0" numBranchPoints="0" visitedBranchPoints="0" sequenceCoverage="0" branchCoverage="0" maxCyclomaticComplexity="0" minCyclomaticComplexity="0" />
          <FullName>&lt;Module&gt;</FullName>
          <Methods />
        </Class>
        <Class>
          <Summary numSequencePoints="8" visitedSequencePoints="0" numBranchPoints="1" visitedBranchPoints="0" sequenceCoverage="0" branchCoverage="0" maxCyclomaticComplexity="1" minCyclomaticComplexity="1" />
          <FullName>CIAUTH.BundleConfig</FullName>
          <Methods>
            <Method visited="false" cyclomaticComplexity="1" sequenceCoverage="0" branchCoverage="0" isConstructor="false" isStatic="true" isGetter="false" isSetter="false">
              <Summary numSequencePoints="8" visitedSequencePoints="0" numBranchPoints="1" visitedBranchPoints="0" sequenceCoverage="0" branchCoverage="0" maxCyclomaticComplexity="1" minCyclomaticComplexity="1" />
              <MetadataToken>100663297</MetadataToken>
              <Name>System.Void CIAUTH.BundleConfig::RegisterBundles(System.Web.Optimization.BundleCollection)</Name>
              <FileRef uid="7" />
              <SequencePoints>
                <SequencePoint vc="0" uspid="94" ordinal="0" offset="0" sl="10" sc="9" el="10" ec="10" />
                <SequencePoint vc="0" uspid="95" ordinal="1" offset="1" sl="11" sc="13" el="12" ec="59" />
                <SequencePoint vc="0" uspid="96" ordinal="2" offset="39" sl="14" sc="13" el="15" ec="62" />
                <SequencePoint vc="0" uspid="97" ordinal="3" offset="77" sl="17" sc="13" el="19" ec="56" />
                <SequencePoint vc="0" uspid="98" ordinal="4" offset="123" sl="23" sc="13" el="24" ec="51" />
                <SequencePoint vc="0" uspid="99" ordinal="5" offset="161" sl="26" sc="13" el="26" ec="89" />
                <SequencePoint vc="0" uspid="100" ordinal="6" offset="199" sl="28" sc="13" el="40" ec="71" />
                <SequencePoint vc="0" uspid="101" ordinal="7" offset="329" sl="41" sc="9" el="41" ec="10" />
              </SequencePoints>
              <BranchPoints />
              <MethodPoint xsi:type="SequencePoint" vc="0" uspid="94" ordinal="0" offset="0" sl="10" sc="9" el="10" ec="10" />
            </Method>
            <Method visited="false" cyclomaticComplexity="1" sequenceCoverage="0" branchCoverage="0" isConstructor="true" isStatic="false" isGetter="false" isSetter="false">
              <Summary numSequencePoints="0" visitedSequencePoints="0" numBranchPoints="0" visitedBranchPoints="0" sequenceCoverage="0" branchCoverage="0" maxCyclomaticComplexity="1" minCyclomaticComplexity="1" />
              <MetadataToken>100663298</MetadataToken>
              <Name>System.Void CIAUTH.BundleConfig::.ctor()</Name>
              <SequencePoints />
              <BranchPoints />
              <MethodPoint vc="0" uspid="102" ordinal="0" offset="0" />
            </Method>
          </Methods>
        </Class>
        <Class>
          <Summary numSequencePoints="3" visitedSequencePoints="0" numBranchPoints="1" visitedBranchPoints="0" sequenceCoverage="0" branchCoverage="0" maxCyclomaticComplexity="1" minCyclomaticComplexity="1" />
          <FullName>CIAUTH.FilterConfig</FullName>
          <Methods>
            <Method visited="false" cyclomaticComplexity="1" sequenceCoverage="0" branchCoverage="0" isConstructor="false" isStatic="true" isGetter="false" isSetter="false">
              <Summary numSequencePoints="3" visitedSequencePoints="0" numBranchPoints="1" visitedBranchPoints="0" sequenceCoverage="0" branchCoverage="0" maxCyclomaticComplexity="1" minCyclomaticComplexity="1" />
              <MetadataToken>100663299</MetadataToken>
              <Name>System.Void CIAUTH.FilterConfig::RegisterGlobalFilters(System.Web.Mvc.GlobalFilterCollection)</Name>
              <FileRef uid="8" />
              <SequencePoints>
                <SequencePoint vc="0" uspid="103" ordinal="0" offset="0" sl="9" sc="9" el="9" ec="10" />
                <SequencePoint vc="0" uspid="104" ordinal="1" offset="1" sl="10" sc="13" el="10" ec="53" />
                <SequencePoint vc="0" uspid="105" ordinal="2" offset="13" sl="11" sc="9" el="11" ec="10" />
              </SequencePoints>
              <BranchPoints />
              <MethodPoint xsi:type="SequencePoint" vc="0" uspid="103" ordinal="0" offset="0" sl="9" sc="9" el="9" ec="10" />
            </Method>
            <Method visited="false" cyclomaticComplexity="1" sequenceCoverage="0" branchCoverage="0" isConstructor="true" isStatic="false" isGetter="false" isSetter="false">
              <Summary numSequencePoints="0" visitedSequencePoints="0" numBranchPoints="0" visitedBranchPoints="0" sequenceCoverage="0" branchCoverage="0" maxCyclomaticComplexity="1" minCyclomaticComplexity="1" />
              <MetadataToken>100663300</MetadataToken>
              <Name>System.Void CIAUTH.FilterConfig::.ctor()</Name>
              <SequencePoints />
              <BranchPoints />
              <MethodPoint vc="0" uspid="106" ordinal="0" offset="0" />
            </Method>
          </Methods>
        </Class>
        <Class>
          <Summary numSequencePoints="4" visitedSequencePoints="0" numBranchPoints="1" visitedBranchPoints="0" sequenceCoverage="0" branchCoverage="0" maxCyclomaticComplexity="1" minCyclomaticComplexity="1" />
          <FullName>CIAUTH.RouteConfig</FullName>
          <Methods>
            <Method visited="false" cyclomaticComplexity="1" sequenceCoverage="0" branchCoverage="0" isConstructor="false" isStatic="true" isGetter="false" isSetter="false">
              <Summary numSequencePoints="4" visitedSequencePoints="0" numBranchPoints="1" visitedBranchPoints="0" sequenceCoverage="0" branchCoverage="0" maxCyclomaticComplexity="1" minCyclomaticComplexity="1" />
              <MetadataToken>100663301</MetadataToken>
              <Name>System.Void CIAUTH.RouteConfig::RegisterRoutes(System.Web.Routing.RouteCollection)</Name>
              <FileRef uid="9" />
              <SequencePoints>
                <SequencePoint vc="0" uspid="107" ordinal="0" offset="0" sl="13" sc="9" el="13" ec="10" />
                <SequencePoint vc="0" uspid="108" ordinal="1" offset="1" sl="14" sc="13" el="14" ec="62" />
                <SequencePoint vc="0" uspid="109" ordinal="2" offset="13" sl="16" sc="13" el="20" ec="15" />
                <SequencePoint vc="0" uspid="110" ordinal="3" offset="50" sl="21" sc="9" el="21" ec="10" />
              </SequencePoints>
              <BranchPoints />
              <MethodPoint xsi:type="SequencePoint" vc="0" uspid="107" ordinal="0" offset="0" sl="13" sc="9" el="13" ec="10" />
            </Method>
            <Method visited="false" cyclomaticComplexity="1" sequenceCoverage="0" branchCoverage="0" isConstructor="true" isStatic="false" isGetter="false" isSetter="false">
              <Summary numSequencePoints="0" visitedSequencePoints="0" numBranchPoints="0" visitedBranchPoints="0" sequenceCoverage="0" branchCoverage="0" maxCyclomaticComplexity="1" minCyclomaticComplexity="1" />
              <MetadataToken>100663302</MetadataToken>
              <Name>System.Void CIAUTH.RouteConfig::.ctor()</Name>
              <SequencePoints />
              <BranchPoints />
              <MethodPoint vc="0" uspid="111" ordinal="0" offset="0" />
            </Method>
          </Methods>
        </Class>
        <Class>
          <Summary numSequencePoints="3" visitedSequencePoints="0" numBranchPoints="1" visitedBranchPoints="0" sequenceCoverage="0" branchCoverage="0" maxCyclomaticComplexity="1" minCyclomaticComplexity="1" />
          <FullName>CIAUTH.WebApiConfig</FullName>
          <Methods>
            <Method visited="false" cyclomaticComplexity="1" sequenceCoverage="0" branchCoverage="0" isConstructor="false" isStatic="true" isGetter="false" isSetter="false">
              <Summary numSequencePoints="3" visitedSequencePoints="0" numBranchPoints="1" visitedBranchPoints="0" sequenceCoverage="0" branchCoverage="0" maxCyclomaticComplexity="1" minCyclomaticComplexity="1" />
              <MetadataToken>100663303</MetadataToken>
              <Name>System.Void CIAUTH.WebApiConfig::Register(System.Web.Http.HttpConfiguration)</Name>
              <FileRef uid="10" />
              <SequencePoints>
                <SequencePoint vc="0" uspid="112" ordinal="0" offset="0" sl="11" sc="9" el="11" ec="10" />
                <SequencePoint vc="0" uspid="113" ordinal="1" offset="1" sl="12" sc="13" el="16" ec="15" />
                <SequencePoint vc="0" uspid="114" ordinal="2" offset="33" sl="17" sc="9" el="17" ec="10" />
              </SequencePoints>
              <BranchPoints />
              <MethodPoint xsi:type="SequencePoint" vc="0" uspid="112" ordinal="0" offset="0" sl="11" sc="9" el="11" ec="10" />
            </Method>
          </Methods>
        </Class>
        <Class>
          <Summary numSequencePoints="10" visitedSequencePoints="0" numBranchPoints="2" visitedBranchPoints="0" sequenceCoverage="0" branchCoverage="0" maxCyclomaticComplexity="1" minCyclomaticComplexity="1" />
          <FullName>CIAUTH.Bootstrapper</FullName>
          <Methods>
            <Method visited="false" cyclomaticComplexity="1" sequenceCoverage="0" branchCoverage="0" isConstructor="false" isStatic="true" isGetter="false" isSetter="false">
              <Summary numSequencePoints="5" visitedSequencePoints="0" numBranchPoints="1" visitedBranchPoints="0" sequenceCoverage="0" branchCoverage="0" maxCyclomaticComplexity="1" minCyclomaticComplexity="1" />
              <MetadataToken>100663304</MetadataToken>
              <Name>System.Void CIAUTH.Bootstrapper::Initialise()</Name>
              <FileRef uid="11" />
              <SequencePoints>
                <SequencePoint vc="0" uspid="115" ordinal="0" offset="0" sl="13" sc="9" el="13" ec="10" />
                <SequencePoint vc="0" uspid="116" ordinal="1" offset="1" sl="14" sc="13" el="14" ec="51" />
                <SequencePoint vc="0" uspid="117" ordinal="2" offset="7" sl="16" sc="13" el="16" ec="84" />
                <SequencePoint vc="0" uspid="118" ordinal="3" offset="19" sl="17" sc="13" el="17" ec="120" />
                <SequencePoint vc="0" uspid="119" ordinal="4" offset="36" sl="19" sc="9" el="19" ec="10" />
              </SequencePoints>
              <BranchPoints />
              <MethodPoint xsi:type="SequencePoint" vc="0" uspid="115" ordinal="0" offset="0" sl="13" sc="9" el="13" ec="10" />
            </Method>
            <Method visited="false" cyclomaticComplexity="1" sequenceCoverage="0" branchCoverage="0" isConstructor="false" isStatic="true" isGetter="false" isSetter="false">
              <Summary numSequencePoints="5" visitedSequencePoints="0" numBranchPoints="1" visitedBranchPoints="0" sequenceCoverage="0" branchCoverage="0" maxCyclomaticComplexity="1" minCyclomaticComplexity="1" />
              <MetadataToken>100663305</MetadataToken>
              <Name>Microsoft.Practices.Unity.IUnityContainer CIAUTH.Bootstrapper::BuildUnityContainer()</Name>
              <FileRef uid="11" />
              <SequencePoints>
                <SequencePoint vc="0" uspid="120" ordinal="0" offset="0" sl="22" sc="9" el="22" ec="10" />
                <SequencePoint vc="0" uspid="121" ordinal="1" offset="1" sl="23" sc="13" el="23" ec="50" />
                <SequencePoint vc="0" uspid="122" ordinal="2" offset="7" sl="25" sc="13" el="25" ec="67" />
                <SequencePoint vc="0" uspid="123" ordinal="3" offset="20" sl="27" sc="13" el="27" ec="30" />
                <SequencePoint vc="0" uspid="124" ordinal="4" offset="24" sl="28" sc="9" el="28" ec="10" />
              </SequencePoints>
              <BranchPoints />
              <MethodPoint xsi:type="SequencePoint" vc="0" uspid="120" ordinal="0" offset="0" sl="22" sc="9" el="22" ec="10" />
            </Method>
          </Methods>
        </Class>
        <Class>
          <Summary numSequencePoints="0" visitedSequencePoints="0" numBranchPoints="0" visitedBranchPoints="0" sequenceCoverage="0" branchCoverage="0" maxCyclomaticComplexity="1" minCyclomaticComplexity="1" />
          <FullName>CIAUTH.Models.AccessToken</FullName>
          <Methods>
            <Method visited="true" cyclomaticComplexity="1" sequenceCoverage="0" branchCoverage="0" isConstructor="false" isStatic="false" isGetter="true" isSetter="false">
              <Summary numSequencePoints="0" visitedSequencePoints="0" numBranchPoints="0" visitedBranchPoints="0" sequenceCoverage="0" branchCoverage="0" maxCyclomaticComplexity="1" minCyclomaticComplexity="1" />
              <MetadataToken>100663306</MetadataToken>
              <Name>System.String CIAUTH.Models.AccessToken::get_access_token()</Name>
              <SequencePoints />
              <BranchPoints />
              <MethodPoint vc="4" uspid="125" ordinal="0" offset="0" />
            </Method>
            <Method visited="true" cyclomaticComplexity="1" sequenceCoverage="0" branchCoverage="0" isConstructor="false" isStatic="false" isGetter="false" isSetter="true">
              <Summary numSequencePoints="0" visitedSequencePoints="0" numBranchPoints="0" visitedBranchPoints="0" sequenceCoverage="0" branchCoverage="0" maxCyclomaticComplexity="1" minCyclomaticComplexity="1" />
              <MetadataToken>100663307</MetadataToken>
              <Name>System.Void CIAUTH.Models.AccessToken::set_access_token(System.String)</Name>
              <SequencePoints />
              <BranchPoints />
              <MethodPoint vc="4" uspid="126" ordinal="0" offset="0" />
            </Method>
            <Method visited="true" cyclomaticComplexity="1" sequenceCoverage="0" branchCoverage="0" isConstructor="false" isStatic="false" isGetter="true" isSetter="false">
              <Summary numSequencePoints="0" visitedSequencePoints="0" numBranchPoints="0" visitedBranchPoints="0" sequenceCoverage="0" branchCoverage="0" maxCyclomaticComplexity="1" minCyclomaticComplexity="1" />
              <MetadataToken>100663308</MetadataToken>
              <Name>System.String CIAUTH.Models.AccessToken::get_token_type()</Name>
              <SequencePoints />
              <BranchPoints />
              <MethodPoint vc="4" uspid="127" ordinal="0" offset="0" />
            </Method>
            <Method visited="true" cyclomaticComplexity="1" sequenceCoverage="0" branchCoverage="0" isConstructor="false" isStatic="false" isGetter="false" isSetter="true">
              <Summary numSequencePoints="0" visitedSequencePoints="0" numBranchPoints="0" visitedBranchPoints="0" sequenceCoverage="0" branchCoverage="0" maxCyclomaticComplexity="1" minCyclomaticComplexity="1" />
              <MetadataToken>100663309</MetadataToken>
              <Name>System.Void CIAUTH.Models.AccessToken::set_token_type(System.String)</Name>
              <SequencePoints />
              <BranchPoints />
              <MethodPoint vc="4" uspid="128" ordinal="0" offset="0" />
            </Method>
            <Method visited="false" cyclomaticComplexity="1" sequenceCoverage="0" branchCoverage="0" isConstructor="false" isStatic="false" isGetter="true" isSetter="false">
              <Summary numSequencePoints="0" visitedSequencePoints="0" numBranchPoints="0" visitedBranchPoints="0" sequenceCoverage="0" branchCoverage="0" maxCyclomaticComplexity="1" minCyclomaticComplexity="1" />
              <MetadataToken>100663310</MetadataToken>
              <Name>System.Int32 CIAUTH.Models.AccessToken::get_expires_in()</Name>
              <SequencePoints />
              <BranchPoints />
              <MethodPoint vc="0" uspid="129" ordinal="0" offset="0" />
            </Method>
            <Method visited="true" cyclomaticComplexity="1" sequenceCoverage="0" branchCoverage="0" isConstructor="false" isStatic="false" isGetter="false" isSetter="true">
              <Summary numSequencePoints="0" visitedSequencePoints="0" numBranchPoints="0" visitedBranchPoints="0" sequenceCoverage="0" branchCoverage="0" maxCyclomaticComplexity="1" minCyclomaticComplexity="1" />
              <MetadataToken>100663311</MetadataToken>
              <Name>System.Void CIAUTH.Models.AccessToken::set_expires_in(System.Int32)</Name>
              <SequencePoints />
              <BranchPoints />
              <MethodPoint vc="4" uspid="130" ordinal="0" offset="0" />
            </Method>
            <Method visited="true" cyclomaticComplexity="1" sequenceCoverage="0" branchCoverage="0" isConstructor="false" isStatic="false" isGetter="true" isSetter="false">
              <Summary numSequencePoints="0" visitedSequencePoints="0" numBranchPoints="0" visitedBranchPoints="0" sequenceCoverage="0" branchCoverage="0" maxCyclomaticComplexity="1" minCyclomaticComplexity="1" />
              <MetadataToken>100663312</MetadataToken>
              <Name>System.String CIAUTH.Models.AccessToken::get_refresh_token()</Name>
              <SequencePoints />
              <BranchPoints />
              <MethodPoint vc="4" uspid="131" ordinal="0" offset="0" />
            </Method>
            <Method visited="true" cyclomaticComplexity="1" sequenceCoverage="0" branchCoverage="0" isConstructor="false" isStatic="false" isGetter="false" isSetter="true">
              <Summary numSequencePoints="0" visitedSequencePoints="0" numBranchPoints="0" visitedBranchPoints="0" sequenceCoverage="0" branchCoverage="0" maxCyclomaticComplexity="1" minCyclomaticComplexity="1" />
              <MetadataToken>100663313</MetadataToken>
              <Name>System.Void CIAUTH.Models.AccessToken::set_refresh_token(System.String)</Name>
              <SequencePoints />
              <BranchPoints />
              <MethodPoint vc="4" uspid="132" ordinal="0" offset="0" />
            </Method>
            <Method visited="true" cyclomaticComplexity="1" sequenceCoverage="0" branchCoverage="0" isConstructor="true" isStatic="false" isGetter="false" isSetter="false">
              <Summary numSequencePoints="0" visitedSequencePoints="0" numBranchPoints="0" visitedBranchPoints="0" sequenceCoverage="0" branchCoverage="0" maxCyclomaticComplexity="1" minCyclomaticComplexity="1" />
              <MetadataToken>100663314</MetadataToken>
              <Name>System.Void CIAUTH.Models.AccessToken::.ctor()</Name>
              <SequencePoints />
              <BranchPoints />
              <MethodPoint vc="4" uspid="133" ordinal="0" offset="0" />
            </Method>
          </Methods>
        </Class>
        <Class>
          <Summary numSequencePoints="0" visitedSequencePoints="0" numBranchPoints="0" visitedBranchPoints="0" sequenceCoverage="0" branchCoverage="0" maxCyclomaticComplexity="1" minCyclomaticComplexity="1" />
          <FullName>CIAUTH.Models.Error</FullName>
          <Methods>
            <Method visited="true" cyclomaticComplexity="1" sequenceCoverage="0" branchCoverage="0" isConstructor="false" isStatic="false" isGetter="true" isSetter="false">
              <Summary numSequencePoints="0" visitedSequencePoints="0" numBranchPoints="0" visitedBranchPoints="0" sequenceCoverage="0" branchCoverage="0" maxCyclomaticComplexity="1" minCyclomaticComplexity="1" />
              <MetadataToken>100663315</MetadataToken>
              <Name>System.String CIAUTH.Models.Error::get_error()</Name>
              <SequencePoints />
              <BranchPoints />
              <MethodPoint vc="8" uspid="134" ordinal="0" offset="0" />
            </Method>
            <Method visited="true" cyclomaticComplexity="1" sequenceCoverage="0" branchCoverage="0" isConstructor="false" isStatic="false" isGetter="false" isSetter="true">
              <Summary numSequencePoints="0" visitedSequencePoints="0" numBranchPoints="0" visitedBranchPoints="0" sequenceCoverage="0" branchCoverage="0" maxCyclomaticComplexity="1" minCyclomaticComplexity="1" />
              <MetadataToken>100663316</MetadataToken>
              <Name>System.Void CIAUTH.Models.Error::set_error(System.String)</Name>
              <SequencePoints />
              <BranchPoints />
              <MethodPoint vc="8" uspid="135" ordinal="0" offset="0" />
            </Method>
            <Method visited="true" cyclomaticComplexity="1" sequenceCoverage="0" branchCoverage="0" isConstructor="false" isStatic="false" isGetter="true" isSetter="false">
              <Summary numSequencePoints="0" visitedSequencePoints="0" numBranchPoints="0" visitedBranchPoints="0" sequenceCoverage="0" branchCoverage="0" maxCyclomaticComplexity="1" minCyclomaticComplexity="1" />
              <MetadataToken>100663317</MetadataToken>
              <Name>System.String CIAUTH.Models.Error::get_error_description()</Name>
              <SequencePoints />
              <BranchPoints />
              <MethodPoint vc="8" uspid="136" ordinal="0" offset="0" />
            </Method>
            <Method visited="true" cyclomaticComplexity="1" sequenceCoverage="0" branchCoverage="0" isConstructor="false" isStatic="false" isGetter="false" isSetter="true">
              <Summary numSequencePoints="0" visitedSequencePoints="0" numBranchPoints="0" visitedBranchPoints="0" sequenceCoverage="0" branchCoverage="0" maxCyclomaticComplexity="1" minCyclomaticComplexity="1" />
              <MetadataToken>100663318</MetadataToken>
              <Name>System.Void CIAUTH.Models.Error::set_error_description(System.String)</Name>
              <SequencePoints />
              <BranchPoints />
              <MethodPoint vc="8" uspid="137" ordinal="0" offset="0" />
            </Method>
            <Method visited="true" cyclomaticComplexity="1" sequenceCoverage="0" branchCoverage="0" isConstructor="false" isStatic="false" isGetter="true" isSetter="false">
              <Summary numSequencePoints="0" visitedSequencePoints="0" numBranchPoints="0" visitedBranchPoints="0" sequenceCoverage="0" branchCoverage="0" maxCyclomaticComplexity="1" minCyclomaticComplexity="1" />
              <MetadataToken>100663319</MetadataToken>
              <Name>System.String CIAUTH.Models.Error::get_error_uri()</Name>
              <SequencePoints />
              <BranchPoints />
              <MethodPoint vc="8" uspid="138" ordinal="0" offset="0" />
            </Method>
            <Method visited="true" cyclomaticComplexity="1" sequenceCoverage="0" branchCoverage="0" isConstructor="false" isStatic="false" isGetter="false" isSetter="true">
              <Summary numSequencePoints="0" visitedSequencePoints="0" numBranchPoints="0" visitedBranchPoints="0" sequenceCoverage="0" branchCoverage="0" maxCyclomaticComplexity="1" minCyclomaticComplexity="1" />
              <MetadataToken>100663320</MetadataToken>
              <Name>System.Void CIAUTH.Models.Error::set_error_uri(System.String)</Name>
              <SequencePoints />
              <BranchPoints />
              <MethodPoint vc="8" uspid="139" ordinal="0" offset="0" />
            </Method>
            <Method visited="true" cyclomaticComplexity="1" sequenceCoverage="0" branchCoverage="0" isConstructor="true" isStatic="false" isGetter="false" isSetter="false">
              <Summary numSequencePoints="0" visitedSequencePoints="0" numBranchPoints="0" visitedBranchPoints="0" sequenceCoverage="0" branchCoverage="0" maxCyclomaticComplexity="1" minCyclomaticComplexity="1" />
              <MetadataToken>100663321</MetadataToken>
              <Name>System.Void CIAUTH.Models.Error::.ctor()</Name>
              <SequencePoints />
              <BranchPoints />
              <MethodPoint vc="8" uspid="140" ordinal="0" offset="0" />
            </Method>
          </Methods>
        </Class>
        <Class>
          <Summary numSequencePoints="18" visitedSequencePoints="0" numBranchPoints="7" visitedBranchPoints="0" sequenceCoverage="0" branchCoverage="0" maxCyclomaticComplexity="2" minCyclomaticComplexity="1" />
          <FullName>CIAUTH.Services.LoginService</FullName>
          <Methods>
            <Method visited="false" cyclomaticComplexity="2" sequenceCoverage="0" branchCoverage="0" isConstructor="false" isStatic="false" isGetter="false" isSetter="false">
              <Summary numSequencePoints="7" visitedSequencePoints="0" numBranchPoints="3" visitedBranchPoints="0" sequenceCoverage="0" branchCoverage="0" maxCyclomaticComplexity="2" minCyclomaticComplexity="2" />
              <MetadataToken>100663324</MetadataToken>
              <Name>CIAPI.DTO.ApiChangePasswordResponseDTO CIAUTH.Services.LoginService::ChangePassword(System.String,System.String,System.String)</Name>
              <FileRef uid="12" />
              <SequencePoints>
                <SequencePoint vc="0" uspid="141" ordinal="0" offset="0" sl="15" sc="9" el="15" ec="10" />
                <SequencePoint vc="0" uspid="142" ordinal="1" offset="1" sl="17" sc="20" el="17" ec="49" />
                <SequencePoint vc="0" uspid="143" ordinal="2" offset="7" sl="18" sc="13" el="18" ec="14" />
                <SequencePoint vc="0" uspid="144" ordinal="3" offset="8" sl="19" sc="17" el="24" ec="70" />
                <SequencePoint vc="0" uspid="145" ordinal="4" offset="51" sl="25" sc="13" el="25" ec="14" />
                <SequencePoint vc="0" uspid="146" ordinal="5" offset="73" sl="27" sc="13" el="27" ec="27" />
                <SequencePoint vc="0" uspid="147" ordinal="6" offset="77" sl="28" sc="9" el="28" ec="10" />
              </SequencePoints>
              <BranchPoints>
                <BranchPoint vc="0" uspid="148" ordinal="0" offset="62" path="0" />
                <BranchPoint vc="0" uspid="149" ordinal="1" offset="62" path="1" />
              </BranchPoints>
              <MethodPoint xsi:type="SequencePoint" vc="0" uspid="141" ordinal="0" offset="0" sl="15" sc="9" el="15" ec="10" />
            </Method>
            <Method visited="false" cyclomaticComplexity="2" sequenceCoverage="0" branchCoverage="0" isConstructor="false" isStatic="false" isGetter="false" isSetter="false">
              <Summary numSequencePoints="7" visitedSequencePoints="0" numBranchPoints="3" visitedBranchPoints="0" sequenceCoverage="0" branchCoverage="0" maxCyclomaticComplexity="2" minCyclomaticComplexity="2" />
              <MetadataToken>100663325</MetadataToken>
              <Name>CIAPI.DTO.ApiLogOnResponseDTO CIAUTH.Services.LoginService::Login(System.String,System.String)</Name>
              <FileRef uid="12" />
              <SequencePoints>
                <SequencePoint vc="0" uspid="150" ordinal="0" offset="0" sl="31" sc="9" el="31" ec="10" />
                <SequencePoint vc="0" uspid="151" ordinal="1" offset="1" sl="33" sc="20" el="33" ec="49" />
                <SequencePoint vc="0" uspid="152" ordinal="2" offset="7" sl="34" sc="13" el="34" ec="14" />
                <SequencePoint vc="0" uspid="153" ordinal="3" offset="8" sl="35" sc="17" el="35" ec="59" />
                <SequencePoint vc="0" uspid="154" ordinal="4" offset="17" sl="36" sc="13" el="36" ec="14" />
                <SequencePoint vc="0" uspid="155" ordinal="5" offset="37" sl="38" sc="13" el="38" ec="27" />
                <SequencePoint vc="0" uspid="156" ordinal="6" offset="41" sl="39" sc="9" el="39" ec="10" />
              </SequencePoints>
              <BranchPoints>
                <BranchPoint vc="0" uspid="157" ordinal="0" offset="26" path="0" />
                <BranchPoint vc="0" uspid="158" ordinal="1" offset="26" path="1" />
              </BranchPoints>
              <MethodPoint xsi:type="SequencePoint" vc="0" uspid="150" ordinal="0" offset="0" sl="31" sc="9" el="31" ec="10" />
            </Method>
            <Method visited="false" cyclomaticComplexity="1" sequenceCoverage="0" branchCoverage="0" isConstructor="false" isStatic="true" isGetter="false" isSetter="false">
              <Summary numSequencePoints="4" visitedSequencePoints="0" numBranchPoints="1" visitedBranchPoints="0" sequenceCoverage="0" branchCoverage="0" maxCyclomaticComplexity="1" minCyclomaticComplexity="1" />
              <MetadataToken>100663326</MetadataToken>
              <Name>CIAPI.Rpc.Client CIAUTH.Services.LoginService::BuildClient()</Name>
              <FileRef uid="12" />
              <SequencePoints>
                <SequencePoint vc="0" uspid="159" ordinal="0" offset="0" sl="44" sc="9" el="44" ec="10" />
                <SequencePoint vc="0" uspid="160" ordinal="1" offset="1" sl="45" sc="13" el="46" ec="112" />
                <SequencePoint vc="0" uspid="161" ordinal="2" offset="42" sl="47" sc="13" el="47" ec="27" />
                <SequencePoint vc="0" uspid="162" ordinal="3" offset="46" sl="48" sc="9" el="48" ec="10" />
              </SequencePoints>
              <BranchPoints />
              <MethodPoint xsi:type="SequencePoint" vc="0" uspid="159" ordinal="0" offset="0" sl="44" sc="9" el="44" ec="10" />
            </Method>
            <Method visited="false" cyclomaticComplexity="1" sequenceCoverage="0" branchCoverage="0" isConstructor="true" isStatic="false" isGetter="false" isSetter="false">
              <Summary numSequencePoints="0" visitedSequencePoints="0" numBranchPoints="0" visitedBranchPoints="0" sequenceCoverage="0" branchCoverage="0" maxCyclomaticComplexity="1" minCyclomaticComplexity="1" />
              <MetadataToken>100663327</MetadataToken>
              <Name>System.Void CIAUTH.Services.LoginService::.ctor()</Name>
              <SequencePoints />
              <BranchPoints />
              <MethodPoint vc="0" uspid="163" ordinal="0" offset="0" />
            </Method>
          </Methods>
        </Class>
        <Class>
          <Summary numSequencePoints="38" visitedSequencePoints="38" numBranchPoints="11" visitedBranchPoints="10" sequenceCoverage="100" branchCoverage="90.91" maxCyclomaticComplexity="2" minCyclomaticComplexity="1" />
          <FullName>CIAUTH.Code.AesEncryption</FullName>
          <Methods>
            <Method visited="true" cyclomaticComplexity="1" sequenceCoverage="100" branchCoverage="100" isConstructor="true" isStatic="false" isGetter="false" isSetter="false">
              <Summary numSequencePoints="7" visitedSequencePoints="7" numBranchPoints="1" visitedBranchPoints="1" sequenceCoverage="100" branchCoverage="100" maxCyclomaticComplexity="1" minCyclomaticComplexity="1" />
              <MetadataToken>100663328</MetadataToken>
              <Name>System.Void CIAUTH.Code.AesEncryption::.ctor(System.Byte[],System.Byte[])</Name>
              <FileRef uid="13" />
              <SequencePoints>
                <SequencePoint vc="14" uspid="164" ordinal="0" offset="0" sl="15" sc="9" el="15" ec="56" />
                <SequencePoint vc="14" uspid="165" ordinal="1" offset="7" sl="16" sc="9" el="16" ec="10" />
                <SequencePoint vc="14" uspid="166" ordinal="2" offset="8" sl="17" sc="13" el="17" ec="44" />
                <SequencePoint vc="14" uspid="167" ordinal="3" offset="14" sl="18" sc="13" el="18" ec="58" />
                <SequencePoint vc="14" uspid="168" ordinal="4" offset="28" sl="19" sc="13" el="19" ec="58" />
                <SequencePoint vc="14" uspid="169" ordinal="5" offset="42" sl="20" sc="13" el="20" ec="43" />
                <SequencePoint vc="14" uspid="170" ordinal="6" offset="53" sl="21" sc="9" el="21" ec="10" />
              </SequencePoints>
              <BranchPoints />
              <MethodPoint xsi:type="SequencePoint" vc="14" uspid="164" ordinal="0" offset="0" sl="15" sc="9" el="15" ec="56" />
            </Method>
            <Method visited="true" cyclomaticComplexity="1" sequenceCoverage="100" branchCoverage="100" isConstructor="false" isStatic="false" isGetter="false" isSetter="false">
              <Summary numSequencePoints="3" visitedSequencePoints="3" numBranchPoints="1" visitedBranchPoints="1" sequenceCoverage="100" branchCoverage="100" maxCyclomaticComplexity="1" minCyclomaticComplexity="1" />
              <MetadataToken>100663329</MetadataToken>
              <Name>System.String CIAUTH.Code.AesEncryption::EncryptAndEncode(System.String)</Name>
              <FileRef uid="13" />
              <SequencePoints>
                <SequencePoint vc="2" uspid="171" ordinal="0" offset="0" sl="25" sc="9" el="25" ec="10" />
                <SequencePoint vc="2" uspid="172" ordinal="1" offset="1" sl="26" sc="13" el="26" ec="58" />
                <SequencePoint vc="2" uspid="173" ordinal="2" offset="16" sl="27" sc="9" el="27" ec="10" />
              </SequencePoints>
              <BranchPoints />
              <MethodPoint xsi:type="SequencePoint" vc="2" uspid="171" ordinal="0" offset="0" sl="25" sc="9" el="25" ec="10" />
            </Method>
            <Method visited="true" cyclomaticComplexity="1" sequenceCoverage="100" branchCoverage="100" isConstructor="false" isStatic="false" isGetter="false" isSetter="false">
              <Summary numSequencePoints="3" visitedSequencePoints="3" numBranchPoints="1" visitedBranchPoints="1" sequenceCoverage="100" branchCoverage="100" maxCyclomaticComplexity="1" minCyclomaticComplexity="1" />
              <MetadataToken>100663330</MetadataToken>
              <Name>System.String CIAUTH.Code.AesEncryption::Encrypt(System.String)</Name>
              <FileRef uid="13" />
              <SequencePoints>
                <SequencePoint vc="6" uspid="174" ordinal="0" offset="0" sl="30" sc="9" el="30" ec="10" />
                <SequencePoint vc="6" uspid="175" ordinal="1" offset="1" sl="31" sc="13" el="31" ec="95" />
                <SequencePoint vc="6" uspid="176" ordinal="2" offset="32" sl="32" sc="9" el="32" ec="10" />
              </SequencePoints>
              <BranchPoints />
              <MethodPoint xsi:type="SequencePoint" vc="6" uspid="174" ordinal="0" offset="0" sl="30" sc="9" el="30" ec="10" />
            </Method>
            <Method visited="true" cyclomaticComplexity="1" sequenceCoverage="100" branchCoverage="100" isConstructor="false" isStatic="false" isGetter="false" isSetter="false">
              <Summary numSequencePoints="5" visitedSequencePoints="5" numBranchPoints="1" visitedBranchPoints="1" sequenceCoverage="100" branchCoverage="100" maxCyclomaticComplexity="1" minCyclomaticComplexity="1" />
              <MetadataToken>100663331</MetadataToken>
              <Name>System.String CIAUTH.Code.AesEncryption::Decrypt(System.String)</Name>
              <FileRef uid="13" />
              <SequencePoints>
                <SequencePoint vc="8" uspid="177" ordinal="0" offset="0" sl="36" sc="9" el="36" ec="10" />
                <SequencePoint vc="8" uspid="178" ordinal="1" offset="1" sl="37" sc="13" el="37" ec="38" />
                <SequencePoint vc="8" uspid="179" ordinal="2" offset="3" sl="38" sc="13" el="38" ec="37" />
                <SequencePoint vc="8" uspid="180" ordinal="3" offset="10" sl="39" sc="13" el="39" ec="81" />
                <SequencePoint vc="6" uspid="181" ordinal="4" offset="36" sl="40" sc="9" el="40" ec="10" />
              </SequencePoints>
              <BranchPoints />
              <MethodPoint xsi:type="SequencePoint" vc="8" uspid="177" ordinal="0" offset="0" sl="36" sc="9" el="36" ec="10" />
            </Method>
            <Method visited="true" cyclomaticComplexity="1" sequenceCoverage="100" branchCoverage="100" isConstructor="false" isStatic="false" isGetter="false" isSetter="false">
              <Summary numSequencePoints="3" visitedSequencePoints="3" numBranchPoints="1" visitedBranchPoints="1" sequenceCoverage="100" branchCoverage="100" maxCyclomaticComplexity="1" minCyclomaticComplexity="1" />
              <MetadataToken>100663332</MetadataToken>
              <Name>System.Byte[] CIAUTH.Code.AesEncryption::Encrypt(System.Byte[])</Name>
              <FileRef uid="13" />
              <SequencePoints>
                <SequencePoint vc="6" uspid="182" ordinal="0" offset="0" sl="44" sc="9" el="44" ec="10" />
                <SequencePoint vc="6" uspid="183" ordinal="1" offset="1" sl="45" sc="13" el="45" ec="50" />
                <SequencePoint vc="6" uspid="184" ordinal="2" offset="17" sl="46" sc="9" el="46" ec="10" />
              </SequencePoints>
              <BranchPoints />
              <MethodPoint xsi:type="SequencePoint" vc="6" uspid="182" ordinal="0" offset="0" sl="44" sc="9" el="44" ec="10" />
            </Method>
            <Method visited="true" cyclomaticComplexity="1" sequenceCoverage="100" branchCoverage="100" isConstructor="false" isStatic="false" isGetter="false" isSetter="false">
[...]
              <Summary numSequencePoints="0" visitedSequencePoints="0" numBranchPoints="0" visitedBranchPoints="0" sequenceCoverage="0" branchCoverage="0" maxCyclomaticComplexity="1" minCyclomaticComplexity="1" />
              <MetadataToken>100663367</MetadataToken>
              <Name>System.Void &lt;&gt;f__AnonymousType0`3::.ctor(&lt;controller&gt;j__TPar,&lt;action&gt;j__TPar,&lt;id&gt;j__TPar)</Name>
              <SequencePoints />
              <BranchPoints />
              <MethodPoint vc="0" uspid="510" ordinal="0" offset="0" />
            </Method>
            <Method visited="false" cyclomaticComplexity="1" sequenceCoverage="0" branchCoverage="0" isConstructor="false" isStatic="false" isGetter="false" isSetter="false">
              <Summary numSequencePoints="0" visitedSequencePoints="0" numBranchPoints="0" visitedBranchPoints="0" sequenceCoverage="0" branchCoverage="0" maxCyclomaticComplexity="1" minCyclomaticComplexity="1" />
              <MetadataToken>100663371</MetadataToken>
              <Name>System.String &lt;&gt;f__AnonymousType0`3::ToString()</Name>
              <SequencePoints />
              <BranchPoints />
              <MethodPoint vc="0" uspid="511" ordinal="0" offset="0" />
            </Method>
            <Method visited="false" cyclomaticComplexity="4" sequenceCoverage="0" branchCoverage="0" isConstructor="false" isStatic="false" isGetter="false" isSetter="false">
              <Summary numSequencePoints="0" visitedSequencePoints="0" numBranchPoints="6" visitedBranchPoints="0" sequenceCoverage="0" branchCoverage="0" maxCyclomaticComplexity="4" minCyclomaticComplexity="4" />
              <MetadataToken>100663372</MetadataToken>
              <Name>System.Boolean &lt;&gt;f__AnonymousType0`3::Equals(System.Object)</Name>
              <SequencePoints />
              <BranchPoints>
                <BranchPoint vc="0" uspid="513" ordinal="0" offset="8" path="0" />
                <BranchPoint vc="0" uspid="514" ordinal="1" offset="8" path="1" />
                <BranchPoint vc="0" uspid="515" ordinal="2" offset="32" path="0" />
                <BranchPoint vc="0" uspid="516" ordinal="3" offset="32" path="1" />
                <BranchPoint vc="0" uspid="517" ordinal="4" offset="56" path="0" />
                <BranchPoint vc="0" uspid="518" ordinal="5" offset="56" path="1" />
              </BranchPoints>
              <MethodPoint vc="0" uspid="512" ordinal="0" offset="0" />
            </Method>
            <Method visited="false" cyclomaticComplexity="1" sequenceCoverage="0" branchCoverage="0" isConstructor="false" isStatic="false" isGetter="false" isSetter="false">
              <Summary numSequencePoints="0" visitedSequencePoints="0" numBranchPoints="0" visitedBranchPoints="0" sequenceCoverage="0" branchCoverage="0" maxCyclomaticComplexity="1" minCyclomaticComplexity="1" />
              <MetadataToken>100663373</MetadataToken>
              <Name>System.Int32 &lt;&gt;f__AnonymousType0`3::GetHashCode()</Name>
              <SequencePoints />
              <BranchPoints />
              <MethodPoint vc="0" uspid="519" ordinal="0" offset="0" />
            </Method>
          </Methods>
        </Class>
        <Class>
          <Summary numSequencePoints="0" visitedSequencePoints="0" numBranchPoints="2" visitedBranchPoints="0" sequenceCoverage="0" branchCoverage="0" maxCyclomaticComplexity="2" minCyclomaticComplexity="1" />
          <FullName>&lt;&gt;f__AnonymousType1`1</FullName>
          <Methods>
            <Method visited="false" cyclomaticComplexity="1" sequenceCoverage="0" branchCoverage="0" isConstructor="false" isStatic="false" isGetter="true" isSetter="false">
              <Summary numSequencePoints="0" visitedSequencePoints="0" numBranchPoints="0" visitedBranchPoints="0" sequenceCoverage="0" branchCoverage="0" maxCyclomaticComplexity="1" minCyclomaticComplexity="1" />
              <MetadataToken>100663375</MetadataToken>
              <Name>&lt;id&gt;j__TPar &lt;&gt;f__AnonymousType1`1::get_id()</Name>
              <SequencePoints />
              <BranchPoints />
              <MethodPoint vc="0" uspid="520" ordinal="0" offset="0" />
            </Method>
            <Method visited="false" cyclomaticComplexity="1" sequenceCoverage="0" branchCoverage="0" isConstructor="true" isStatic="false" isGetter="false" isSetter="false">
              <Summary numSequencePoints="0" visitedSequencePoints="0" numBranchPoints="0" visitedBranchPoints="0" sequenceCoverage="0" branchCoverage="0" maxCyclomaticComplexity="1" minCyclomaticComplexity="1" />
              <MetadataToken>100663374</MetadataToken>
              <Name>System.Void &lt;&gt;f__AnonymousType1`1::.ctor(&lt;id&gt;j__TPar)</Name>
              <SequencePoints />
              <BranchPoints />
              <MethodPoint vc="0" uspid="521" ordinal="0" offset="0" />
            </Method>
            <Method visited="false" cyclomaticComplexity="1" sequenceCoverage="0" branchCoverage="0" isConstructor="false" isStatic="false" isGetter="false" isSetter="false">
              <Summary numSequencePoints="0" visitedSequencePoints="0" numBranchPoints="0" visitedBranchPoints="0" sequenceCoverage="0" branchCoverage="0" maxCyclomaticComplexity="1" minCyclomaticComplexity="1" />
              <MetadataToken>100663376</MetadataToken>
              <Name>System.String &lt;&gt;f__AnonymousType1`1::ToString()</Name>
              <SequencePoints />
              <BranchPoints />
              <MethodPoint vc="0" uspid="522" ordinal="0" offset="0" />
            </Method>
            <Method visited="false" cyclomaticComplexity="2" sequenceCoverage="0" branchCoverage="0" isConstructor="false" isStatic="false" isGetter="false" isSetter="false">
              <Summary numSequencePoints="0" visitedSequencePoints="0" numBranchPoints="2" visitedBranchPoints="0" sequenceCoverage="0" branchCoverage="0" maxCyclomaticComplexity="2" minCyclomaticComplexity="2" />
              <MetadataToken>100663377</MetadataToken>
              <Name>System.Boolean &lt;&gt;f__AnonymousType1`1::Equals(System.Object)</Name>
              <SequencePoints />
              <BranchPoints>
                <BranchPoint vc="0" uspid="524" ordinal="0" offset="8" path="0" />
                <BranchPoint vc="0" uspid="525" ordinal="1" offset="8" path="1" />
              </BranchPoints>
              <MethodPoint vc="0" uspid="523" ordinal="0" offset="0" />
            </Method>
            <Method visited="false" cyclomaticComplexity="1" sequenceCoverage="0" branchCoverage="0" isConstructor="false" isStatic="false" isGetter="false" isSetter="false">
              <Summary numSequencePoints="0" visitedSequencePoints="0" numBranchPoints="0" visitedBranchPoints="0" sequenceCoverage="0" branchCoverage="0" maxCyclomaticComplexity="1" minCyclomaticComplexity="1" />
              <MetadataToken>100663378</MetadataToken>
              <Name>System.Int32 &lt;&gt;f__AnonymousType1`1::GetHashCode()</Name>
              <SequencePoints />
              <BranchPoints />
              <MethodPoint vc="0" uspid="526" ordinal="0" offset="0" />
            </Method>
          </Methods>
        </Class>
        <Class>
          <Summary numSequencePoints="0" visitedSequencePoints="0" numBranchPoints="8" visitedBranchPoints="0" sequenceCoverage="0" branchCoverage="0" maxCyclomaticComplexity="5" minCyclomaticComplexity="1" />
          <FullName>&lt;&gt;f__AnonymousType2`4</FullName>
          <Methods>
            <Method visited="true" cyclomaticComplexity="1" sequenceCoverage="0" branchCoverage="0" isConstructor="false" isStatic="false" isGetter="true" isSetter="false">
              <Summary numSequencePoints="0" visitedSequencePoints="0" numBranchPoints="0" visitedBranchPoints="0" sequenceCoverage="0" branchCoverage="0" maxCyclomaticComplexity="1" minCyclomaticComplexity="1" />
              <MetadataToken>100663380</MetadataToken>
              <Name>&lt;client_id&gt;j__TPar &lt;&gt;f__AnonymousType2`4::get_client_id()</Name>
              <SequencePoints />
              <BranchPoints />
              <MethodPoint vc="1" uspid="527" ordinal="0" offset="0" />
            </Method>
            <Method visited="true" cyclomaticComplexity="1" sequenceCoverage="0" branchCoverage="0" isConstructor="false" isStatic="false" isGetter="true" isSetter="false">
              <Summary numSequencePoints="0" visitedSequencePoints="0" numBranchPoints="0" visitedBranchPoints="0" sequenceCoverage="0" branchCoverage="0" maxCyclomaticComplexity="1" minCyclomaticComplexity="1" />
              <MetadataToken>100663381</MetadataToken>
              <Name>&lt;response_type&gt;j__TPar &lt;&gt;f__AnonymousType2`4::get_response_type()</Name>
              <SequencePoints />
              <BranchPoints />
              <MethodPoint vc="1" uspid="528" ordinal="0" offset="0" />
            </Method>
            <Method visited="true" cyclomaticComplexity="1" sequenceCoverage="0" branchCoverage="0" isConstructor="false" isStatic="false" isGetter="true" isSetter="false">
              <Summary numSequencePoints="0" visitedSequencePoints="0" numBranchPoints="0" visitedBranchPoints="0" sequenceCoverage="0" branchCoverage="0" maxCyclomaticComplexity="1" minCyclomaticComplexity="1" />
              <MetadataToken>100663382</MetadataToken>
              <Name>&lt;redirect_uri&gt;j__TPar &lt;&gt;f__AnonymousType2`4::get_redirect_uri()</Name>
              <SequencePoints />
              <BranchPoints />
              <MethodPoint vc="1" uspid="529" ordinal="0" offset="0" />
            </Method>
            <Method visited="true" cyclomaticComplexity="1" sequenceCoverage="0" branchCoverage="0" isConstructor="false" isStatic="false" isGetter="true" isSetter="false">
              <Summary numSequencePoints="0" visitedSequencePoints="0" numBranchPoints="0" visitedBranchPoints="0" sequenceCoverage="0" branchCoverage="0" maxCyclomaticComplexity="1" minCyclomaticComplexity="1" />
              <MetadataToken>100663383</MetadataToken>
              <Name>&lt;state&gt;j__TPar &lt;&gt;f__AnonymousType2`4::get_state()</Name>
              <SequencePoints />
              <BranchPoints />
              <MethodPoint vc="1" uspid="530" ordinal="0" offset="0" />
            </Method>
            <Method visited="true" cyclomaticComplexity="1" sequenceCoverage="0" branchCoverage="0" isConstructor="true" isStatic="false" isGetter="false" isSetter="false">
              <Summary numSequencePoints="0" visitedSequencePoints="0" numBranchPoints="0" visitedBranchPoints="0" sequenceCoverage="0" branchCoverage="0" maxCyclomaticComplexity="1" minCyclomaticComplexity="1" />
              <MetadataToken>100663379</MetadataToken>
              <Name>System.Void &lt;&gt;f__AnonymousType2`4::.ctor(&lt;client_id&gt;j__TPar,&lt;response_type&gt;j__TPar,&lt;redirect_uri&gt;j__TPar,&lt;state&gt;j__TPar)</Name>
              <SequencePoints />
              <BranchPoints />
              <MethodPoint vc="1" uspid="531" ordinal="0" offset="0" />
            </Method>
            <Method visited="false" cyclomaticComplexity="1" sequenceCoverage="0" branchCoverage="0" isConstructor="false" isStatic="false" isGetter="false" isSetter="false">
              <Summary numSequencePoints="0" visitedSequencePoints="0" numBranchPoints="0" visitedBranchPoints="0" sequenceCoverage="0" branchCoverage="0" maxCyclomaticComplexity="1" minCyclomaticComplexity="1" />
              <MetadataToken>100663384</MetadataToken>
              <Name>System.String &lt;&gt;f__AnonymousType2`4::ToString()</Name>
              <SequencePoints />
              <BranchPoints />
              <MethodPoint vc="0" uspid="532" ordinal="0" offset="0" />
            </Method>
            <Method visited="false" cyclomaticComplexity="5" sequenceCoverage="0" branchCoverage="0" isConstructor="false" isStatic="false" isGetter="false" isSetter="false">
              <Summary numSequencePoints="0" visitedSequencePoints="0" numBranchPoints="8" visitedBranchPoints="0" sequenceCoverage="0" branchCoverage="0" maxCyclomaticComplexity="5" minCyclomaticComplexity="5" />
              <MetadataToken>100663385</MetadataToken>
              <Name>System.Boolean &lt;&gt;f__AnonymousType2`4::Equals(System.Object)</Name>
              <SequencePoints />
              <BranchPoints>
                <BranchPoint vc="0" uspid="534" ordinal="0" offset="8" path="0" />
                <BranchPoint vc="0" uspid="535" ordinal="1" offset="8" path="1" />
                <BranchPoint vc="0" uspid="536" ordinal="2" offset="32" path="0" />
                <BranchPoint vc="0" uspid="537" ordinal="3" offset="32" path="1" />
                <BranchPoint vc="0" uspid="538" ordinal="4" offset="56" path="0" />
                <BranchPoint vc="0" uspid="539" ordinal="5" offset="56" path="1" />
                <BranchPoint vc="0" uspid="540" ordinal="6" offset="80" path="0" />
                <BranchPoint vc="0" uspid="541" ordinal="7" offset="80" path="1" />
              </BranchPoints>
              <MethodPoint vc="0" uspid="533" ordinal="0" offset="0" />
            </Method>
            <Method visited="true" cyclomaticComplexity="1" sequenceCoverage="0" branchCoverage="0" isConstructor="false" isStatic="false" isGetter="false" isSetter="false">
              <Summary numSequencePoints="0" visitedSequencePoints="0" numBranchPoints="0" visitedBranchPoints="0" sequenceCoverage="0" branchCoverage="0" maxCyclomaticComplexity="1" minCyclomaticComplexity="1" />
              <MetadataToken>100663386</MetadataToken>
              <Name>System.Int32 &lt;&gt;f__AnonymousType2`4::GetHashCode()</Name>
              <SequencePoints />
              <BranchPoints />
              <MethodPoint vc="4" uspid="542" ordinal="0" offset="0" />
            </Method>
          </Methods>
        </Class>
      </Classes>
    </Module>
    <Module skippedDueTo="Filter" hash="6C-13-C9-90-D5-3B-AF-5F-65-FC-A6-B3-77-EE-59-15-72-17-8F-23">
      <FullName>C:\Windows\Microsoft.Net\assembly\GAC_32\System.Web\v4.0_4.0.0.0__b03f5f7f11d50a3a\System.Web.dll</FullName>
      <ModuleName>System.Web</ModuleName>
      <Classes />
    </Module>
    <Module skippedDueTo="Filter" hash="83-6E-C3-4E-3E-98-6E-A7-A1-43-6F-5E-C1-40-24-62-C8-DF-CF-7E">
      <FullName>C:\Windows\Microsoft.Net\assembly\GAC_MSIL\System.Web.Mvc\v4.0_4.0.0.0__31bf3856ad364e35\System.Web.Mvc.dll</FullName>
      <ModuleName>System.Web.Mvc</ModuleName>
      <Classes />
    </Module>
    <Module skippedDueTo="Filter" hash="A3-24-11-39-F8-79-95-4F-05-15-1C-84-CE-09-0C-65-42-CD-C2-C7">
      <FullName>C:\dev\ciapi-oauth2-service\src\CIAUTH.Tests\bin\Debug\Microsoft.Practices.Unity.dll</FullName>
      <ModuleName>Microsoft.Practices.Unity</ModuleName>
      <Classes />
    </Module>
    <Module skippedDueTo="Filter" hash="04-F9-D0-5F-87-FD-FD-24-55-21-8D-03-AA-76-BA-4F-B6-79-8F-9C">
      <FullName>C:\dev\ciapi-oauth2-service\src\CIAUTH.Tests\bin\Debug\Unity.Mvc3.dll</FullName>
      <ModuleName>Unity.Mvc3</ModuleName>
      <Classes />
    </Module>
    <Module skippedDueTo="Filter" hash="C6-2F-06-6C-B9-8C-8F-BF-8A-F0-C8-73-A0-E2-5E-C7-B2-7D-A6-06">
      <FullName>C:\dev\ciapi-oauth2-service\src\CIAUTH.Tests\bin\Debug\System.Web.Http.WebHost.dll</FullName>
      <ModuleName>System.Web.Http.WebHost</ModuleName>
      <Classes />
    </Module>
    <Module skippedDueTo="Filter" hash="1E-E1-19-5A-D9-4B-E2-74-32-67-EB-F9-FF-95-9B-46-C3-DF-C8-60">
      <FullName>C:\dev\ciapi-oauth2-service\src\CIAUTH.Tests\bin\Debug\System.Web.Http.dll</FullName>
      <ModuleName>System.Web.Http</ModuleName>
      <Classes />
    </Module>
    <Module skippedDueTo="Filter" hash="AC-6D-C3-42-6C-40-D4-3A-97-9B-37-1C-E8-5C-5E-15-BD-B3-12-E4">
      <FullName>C:\dev\ciapi-oauth2-service\src\CIAUTH.Tests\bin\Debug\Unity.WebApi.dll</FullName>
      <ModuleName>Unity.WebApi</ModuleName>
      <Classes />
    </Module>
    <Module skippedDueTo="Filter" hash="EC-4D-84-04-6A-65-EF-71-23-49-5A-B9-21-63-04-5B-8E-B5-52-3E">
      <FullName>C:\Windows\Microsoft.Net\assembly\GAC_MSIL\System.Net.Http\v4.0_4.0.0.0__b03f5f7f11d50a3a\System.Net.Http.dll</FullName>
      <ModuleName>System.Net.Http</ModuleName>
      <Classes />
    </Module>
    <Module skippedDueTo="Filter" hash="29-3F-38-61-70-83-5D-49-C2-F5-B9-51-14-29-8E-F3-74-A7-D9-B6">
      <FullName>C:\dev\ciapi-oauth2-service\src\CIAUTH.Tests\bin\Debug\System.Net.Http.Formatting.dll</FullName>
      <ModuleName>System.Net.Http.Formatting</ModuleName>
      <Classes />
    </Module>
    <Module skippedDueTo="Filter" hash="A0-B8-98-F5-E1-79-C8-9D-60-24-F4-E4-05-EF-C8-7F-B3-CC-3C-4E">
      <FullName>C:\Windows\Microsoft.Net\assembly\GAC_MSIL\System.Runtime.Serialization\v4.0_4.0.0.0__b77a5c561934e089\System.Runtime.Serialization.dll</FullName>
      <ModuleName>System.Runtime.Serialization</ModuleName>
      <Classes />
    </Module>
    <Module skippedDueTo="Filter" hash="BE-46-84-43-67-B5-3D-80-CD-2C-E0-4C-DE-3A-F1-3D-86-93-AD-21">
      <FullName>C:\dev\ciapi-oauth2-service\src\CIAUTH.Tests\bin\Debug\Newtonsoft.Json.dll</FullName>
      <ModuleName>Newtonsoft.Json</ModuleName>
      <Classes />
    </Module>
    <Module skippedDueTo="Filter" hash="B2-8C-54-BA-B0-00-94-5F-68-74-A8-09-8B-8E-7F-75-B1-24-01-23">
      <FullName>C:\Windows\Microsoft.Net\assembly\GAC_MSIL\SMDiagnostics\v4.0_4.0.0.0__b77a5c561934e089\SMDiagnostics.dll</FullName>
      <ModuleName>SMDiagnostics</ModuleName>
      <Classes />
    </Module>
    <Module skippedDueTo="Filter" hash="11-BD-EA-3B-07-58-50-35-D9-9B-84-21-BE-B0-5F-82-E0-C5-EF-B9">
      <FullName>C:\Windows\Microsoft.Net\assembly\GAC_MSIL\System.ComponentModel.DataAnnotations\v4.0_4.0.0.0__31bf3856ad364e35\System.ComponentModel.DataAnnotations.dll</FullName>
      <ModuleName>System.ComponentModel.DataAnnotations</ModuleName>
      <Classes />
    </Module>
    <Module skippedDueTo="Filter" hash="3F-30-D4-1E-29-17-B3-6B-DB-A7-82-2B-2A-6D-0E-07-65-EE-77-A0">
      <FullName>C:\dev\ciapi-oauth2-service\src\CIAUTH.Tests\bin\Debug\Moq.dll</FullName>
      <ModuleName>Moq</ModuleName>
      <Classes />
    </Module>
    <Module skippedDueTo="Filter" hash="">
      <FullName>RefEmit_InMemoryManifestModule</FullName>
      <ModuleName>Anonymously Hosted DynamicMethods Assembly</ModuleName>
      <Classes />
    </Module>
    <Module skippedDueTo="Filter" hash="">
      <FullName>RefEmit_InMemoryManifestModule</FullName>
      <ModuleName>DynamicProxyGenAssembly2</ModuleName>
      <Classes />
    </Module>
    <Module skippedDueTo="Filter" hash="6C-78-56-74-D7-5A-A1-D5-CA-DB-96-C9-2B-8D-61-F8-B5-B9-C1-B7">
      <FullName>C:\dev\ciapi-oauth2-service\src\CIAUTH.Tests\bin\Debug\CIAPI.dll</FullName>
      <ModuleName>CIAPI</ModuleName>
      <Classes />
    </Module>
    <Module skippedDueTo="Filter" hash="">
      <FullName>RefEmit_InMemoryManifestModule</FullName>
      <ModuleName>DynamicProxyGenAssembly2</ModuleName>
      <Classes />
    </Module>
    <Module skippedDueTo="Filter" hash="24-37-4C-7F-AE-3E-5C-3B-A2-43-54-EC-BB-7C-F6-DE-DD-AF-6C-B7">
      <FullName>C:\Windows\Microsoft.Net\assembly\GAC_MSIL\Microsoft.CSharp\v4.0_4.0.0.0__b03f5f7f11d50a3a\Microsoft.CSharp.dll</FullName>
      <ModuleName>Microsoft.CSharp</ModuleName>
      <Classes />
    </Module>
    <Module skippedDueTo="Filter" hash="4C-CE-98-37-C2-B2-38-3A-BB-56-94-BC-AB-80-F2-66-84-F7-53-BE">
      <FullName>C:\dev\ciapi-oauth2-service\src\CIAUTH.Tests\bin\Debug\Salient.ReliableHttpClient.dll</FullName>
      <ModuleName>Salient.ReliableHttpClient</ModuleName>
      <Classes />
    </Module>
    <Module skippedDueTo="Filter" hash="32-02-6C-ED-4D-D1-45-62-1C-B1-49-43-86-B0-87-37-28-15-B6-E3">
      <FullName>C:\Windows\Microsoft.Net\assembly\GAC_MSIL\System.Dynamic\v4.0_4.0.0.0__b03f5f7f11d50a3a\System.Dynamic.dll</FullName>
      <ModuleName>System.Dynamic</ModuleName>
      <Classes />
    </Module>
  </Modules>
</CoverageSession>